New log file opened at Fri Aug 14 09:10:01 CEST 2015 by 962@Pais-Air.fritz.box
jvm 962@Pais-Air.fritz.box
jvm vmName=Java HotSpot(TM) 64-Bit Server VM vmVendor=Oracle Corporation vmVersion=25.45-b02
jvm specName=Java Virtual Machine Specification specVendor=Oracle Corporation specVersion=1.8
jvm arguments: [-Xms256m, -Xmx1024m, -XX:MetaspaceSize=64m, -XX:MaxMetaspaceSize=256m]
Starting event engine
Starting sbt command engine
Command engine arguments=List()
Command engine baseDirectory=/Volumes/SSD128/AM/Scala/workspace/play-slick-quickstart
Waiting for sbt command engine
Command engine initial remaining commands List(--initialize, onFailure load-failed, boot, server-send-ready-for-request, server-handle-next-server-request)
> --initialize
> initialize
> onFailure load-failed
> boot
> reload
[Loading] Scanning directory /Volumes/SSD128/AM/Scala/workspace/play-slick-quickstart/project
[Loading] Found non-root projects 
[Loading] Done in /Volumes/SSD128/AM/Scala/workspace/play-slick-quickstart/project, returning: ()
deducing auto plugins based on known facts Set(Atom(sbt.plugins.CorePlugin)) and clauses Clauses(List(Clause(Atom(sbt.plugins.JvmPlugin),Set(Atom(sbt.plugins.IvyPlugin))), Clause(Atom(sbt.plugins.JUnitXmlReportPlugin),Set(Atom(sbt.plugins.JvmPlugin))), Clause(Atom(sbt.plugins.CorePlugin),Set(Atom(sbt.plugins.IvyPlugin))), Clause(Atom(sbt.plugins.IvyPlugin),Set(Atom(sbt.plugins.JvmPlugin))), Clause(Atom(sbt.plugins.JvmPlugin),Set(Atom(sbt.plugins.JUnitXmlReportPlugin)))))
  :: deduced result: Matched(sbt.plugins.CorePlugin,sbt.plugins.IvyPlugin,sbt.plugins.JvmPlugin,sbt.plugins.JUnitXmlReportPlugin)
sorting: ns: List(sbt.plugins.CorePlugin, sbt.plugins.IvyPlugin, sbt.plugins.JvmPlugin, sbt.plugins.JUnitXmlReportPlugin)
  :: sorting:: found: List(sbt.plugins.CorePlugin) not found List(sbt.plugins.IvyPlugin, sbt.plugins.JvmPlugin, sbt.plugins.JUnitXmlReportPlugin)
  :: sorting:: found: List(sbt.plugins.CorePlugin, sbt.plugins.IvyPlugin) not found List(sbt.plugins.JvmPlugin, sbt.plugins.JUnitXmlReportPlugin)
  :: sorting:: found: List(sbt.plugins.CorePlugin, sbt.plugins.IvyPlugin, sbt.plugins.JvmPlugin) not found List(sbt.plugins.JUnitXmlReportPlugin)
  :: sorting:: found: List(sbt.plugins.CorePlugin, sbt.plugins.IvyPlugin, sbt.plugins.JvmPlugin, sbt.plugins.JUnitXmlReportPlugin) not found List()
  :: sorted deduced result: List(sbt.plugins.CorePlugin, sbt.plugins.IvyPlugin, sbt.plugins.JvmPlugin, sbt.plugins.JUnitXmlReportPlugin)
[Loading] Done in /Volumes/SSD128/AM/Scala/workspace/play-slick-quickstart/project, returning: (play-slick-quickstart-build)
Loading project definition from /Volumes/SSD128/AM/Scala/workspace/play-slick-quickstart/project
Running task... Cancel: sbt.TaskCancellationStrategy$Null$@f499916, check cycles: false

Initial source changes: 
	removed:Set()
	added: Set()
	modified: Set()
Removed products: Set()
External API changes: API Changes: Set()
Modified binary dependencies: Set()
Initial directly invalidated sources: Set()

Sources indirectly invalidated by:
	product: Set()
	binary dep: Set()
	external source: Set()
All initially invalidated sources: Set()

Copy resource mappings: 
	
[Loading] Scanning directory /Volumes/SSD128/AM/Scala/workspace/play-slick-quickstart
[Loading] Found root project root w/ remaining 
deducing auto plugins based on known facts Set(Atom(play.PlayScala), Atom(sbt.plugins.CorePlugin)) and clauses Clauses(List(Clause(Atom(sbt.plugins.JvmPlugin),Set(Atom(sbt.plugins.IvyPlugin))), Clause(Atom(sbt.plugins.JUnitXmlReportPlugin),Set(Atom(sbt.plugins.JvmPlugin))), Clause(Atom(play.sbt.forkrun.PlayForkRun),Set(Atom(sbt.plugins.BackgroundRunPlugin))), Clause(Atom(play.sbt.forkrun.PlayForkRun),Set(Atom(play.Play))), Clause(Atom(play.sbt.forkrun.PlayForkRun),Set(Atom(sbt.plugins.SerializersPlugin))), Clause(Atom(play.Play),Set(Atom(com.typesafe.sbt.webdriver.SbtWebDriver))), Clause(Atom(play.Play),Set(Atom(play.twirl.sbt.SbtTwirl))), Clause(Atom(play.Play),Set(Atom(com.typesafe.sbt.jse.SbtJsTask))), Clause(Atom(play.PlayJava),Set(Atom(play.Play))), Clause(Atom(play.PlayScala),Set(Atom(play.Play))), Clause(Atom(play.twirl.sbt.SbtTwirl),Set(Atom(sbt.plugins.JvmPlugin))), Clause(Atom(com.typesafe.sbt.jse.SbtJsEngine),Set(Atom(com.typesafe.sbt.web.SbtWeb))), Clause(Atom(com.typesafe.sbt.jse.SbtJsTask),Set(Atom(com.typesafe.sbt.jse.SbtJsEngine))), Clause(Atom(com.typesafe.sbt.webdriver.SbtWebDriver),Set(Atom(com.typesafe.sbt.web.SbtWeb))), Clause(Atom(sbt.plugins.BackgroundRunPlugin),Set(Atom(sbt.plugins.JvmPlugin))), Clause(Atom(sbt.plugins.CorePlugin),Set(Atom(sbt.plugins.IvyPlugin))), Clause(Atom(sbt.plugins.IvyPlugin),Set(Atom(sbt.plugins.JvmPlugin))), Clause(Atom(sbt.plugins.JvmPlugin),Set(Atom(sbt.plugins.JUnitXmlReportPlugin))), Clause(And(Set(Atom(sbt.plugins.BackgroundRunPlugin), Atom(play.Play), Atom(sbt.plugins.SerializersPlugin))),Set(Atom(play.sbt.forkrun.PlayForkRun))), Clause(Atom(com.typesafe.sbt.web.SbtWeb),Set(Atom(com.typesafe.sbt.jse.SbtJsEngine))), Clause(Atom(com.typesafe.sbt.jse.SbtJsEngine),Set(Atom(com.typesafe.sbt.jse.SbtJsTask))), Clause(Atom(com.typesafe.sbt.web.SbtWeb),Set(Atom(com.typesafe.sbt.webdriver.SbtWebDriver))), Clause(Atom(sbt.plugins.JvmPlugin),Set(Atom(sbt.plugins.BackgroundRunPlugin))), Clause(Atom(sbt.plugins.CorePlugin),Set(Atom(sbt.plugins.InteractionServicePlugin))), Clause(Atom(sbt.plugins.CorePlugin),Set(Atom(sbt.plugins.SendEventServicePlugin))), Clause(Atom(sbt.plugins.CorePlugin),Set(Atom(sbt.plugins.SerializersPlugin)))))
  :: deduced result: Matched(sbt.plugins.CorePlugin,play.PlayScala,sbt.plugins.InteractionServicePlugin,sbt.plugins.SendEventServicePlugin,play.Play,sbt.plugins.SerializersPlugin,sbt.plugins.IvyPlugin,sbt.plugins.JvmPlugin,com.typesafe.sbt.jse.SbtJsTask,play.twirl.sbt.SbtTwirl,com.typesafe.sbt.webdriver.SbtWebDriver,sbt.plugins.BackgroundRunPlugin,sbt.plugins.JUnitXmlReportPlugin,com.typesafe.sbt.web.SbtWeb,com.typesafe.sbt.jse.SbtJsEngine,play.sbt.forkrun.PlayForkRun)
sorting: ns: List(sbt.plugins.CorePlugin, play.PlayScala, sbt.plugins.InteractionServicePlugin, sbt.plugins.SendEventServicePlugin, play.Play, sbt.plugins.SerializersPlugin, sbt.plugins.IvyPlugin, sbt.plugins.JvmPlugin, com.typesafe.sbt.jse.SbtJsTask, play.twirl.sbt.SbtTwirl, com.typesafe.sbt.webdriver.SbtWebDriver, sbt.plugins.BackgroundRunPlugin, sbt.plugins.JUnitXmlReportPlugin, com.typesafe.sbt.web.SbtWeb, com.typesafe.sbt.jse.SbtJsEngine, play.sbt.forkrun.PlayForkRun)
  :: sorting:: found: List(sbt.plugins.CorePlugin, com.typesafe.sbt.web.SbtWeb) not found List(play.PlayScala, sbt.plugins.InteractionServicePlugin, sbt.plugins.SendEventServicePlugin, play.Play, sbt.plugins.SerializersPlugin, sbt.plugins.IvyPlugin, sbt.plugins.JvmPlugin, com.typesafe.sbt.jse.SbtJsTask, play.twirl.sbt.SbtTwirl, com.typesafe.sbt.webdriver.SbtWebDriver, sbt.plugins.BackgroundRunPlugin, sbt.plugins.JUnitXmlReportPlugin, com.typesafe.sbt.jse.SbtJsEngine, play.sbt.forkrun.PlayForkRun)
  :: sorting:: found: List(sbt.plugins.CorePlugin, com.typesafe.sbt.web.SbtWeb, sbt.plugins.InteractionServicePlugin, sbt.plugins.SendEventServicePlugin, sbt.plugins.SerializersPlugin, sbt.plugins.IvyPlugin, com.typesafe.sbt.webdriver.SbtWebDriver, com.typesafe.sbt.jse.SbtJsEngine) not found List(play.PlayScala, play.Play, sbt.plugins.JvmPlugin, com.typesafe.sbt.jse.SbtJsTask, play.twirl.sbt.SbtTwirl, sbt.plugins.BackgroundRunPlugin, sbt.plugins.JUnitXmlReportPlugin, play.sbt.forkrun.PlayForkRun)
  :: sorting:: found: List(sbt.plugins.CorePlugin, com.typesafe.sbt.web.SbtWeb, sbt.plugins.InteractionServicePlugin, sbt.plugins.SendEventServicePlugin, sbt.plugins.SerializersPlugin, sbt.plugins.IvyPlugin, com.typesafe.sbt.webdriver.SbtWebDriver, com.typesafe.sbt.jse.SbtJsEngine, sbt.plugins.JvmPlugin, com.typesafe.sbt.jse.SbtJsTask) not found List(play.PlayScala, play.Play, play.twirl.sbt.SbtTwirl, sbt.plugins.BackgroundRunPlugin, sbt.plugins.JUnitXmlReportPlugin, play.sbt.forkrun.PlayForkRun)
  :: sorting:: found: List(sbt.plugins.CorePlugin, com.typesafe.sbt.web.SbtWeb, sbt.plugins.InteractionServicePlugin, sbt.plugins.SendEventServicePlugin, sbt.plugins.SerializersPlugin, sbt.plugins.IvyPlugin, com.typesafe.sbt.webdriver.SbtWebDriver, com.typesafe.sbt.jse.SbtJsEngine, sbt.plugins.JvmPlugin, com.typesafe.sbt.jse.SbtJsTask, play.twirl.sbt.SbtTwirl, sbt.plugins.BackgroundRunPlugin, sbt.plugins.JUnitXmlReportPlugin) not found List(play.PlayScala, play.Play, play.sbt.forkrun.PlayForkRun)
  :: sorting:: found: List(sbt.plugins.CorePlugin, com.typesafe.sbt.web.SbtWeb, sbt.plugins.InteractionServicePlugin, sbt.plugins.SendEventServicePlugin, sbt.plugins.SerializersPlugin, sbt.plugins.IvyPlugin, com.typesafe.sbt.webdriver.SbtWebDriver, com.typesafe.sbt.jse.SbtJsEngine, sbt.plugins.JvmPlugin, com.typesafe.sbt.jse.SbtJsTask, play.twirl.sbt.SbtTwirl, sbt.plugins.BackgroundRunPlugin, sbt.plugins.JUnitXmlReportPlugin, play.Play) not found List(play.PlayScala, play.sbt.forkrun.PlayForkRun)
  :: sorting:: found: List(sbt.plugins.CorePlugin, com.typesafe.sbt.web.SbtWeb, sbt.plugins.InteractionServicePlugin, sbt.plugins.SendEventServicePlugin, sbt.plugins.SerializersPlugin, sbt.plugins.IvyPlugin, com.typesafe.sbt.webdriver.SbtWebDriver, com.typesafe.sbt.jse.SbtJsEngine, sbt.plugins.JvmPlugin, com.typesafe.sbt.jse.SbtJsTask, play.twirl.sbt.SbtTwirl, sbt.plugins.BackgroundRunPlugin, sbt.plugins.JUnitXmlReportPlugin, play.Play, play.PlayScala, play.sbt.forkrun.PlayForkRun) not found List()
  :: sorted deduced result: List(sbt.plugins.CorePlugin, com.typesafe.sbt.web.SbtWeb, sbt.plugins.InteractionServicePlugin, sbt.plugins.SendEventServicePlugin, sbt.plugins.SerializersPlugin, sbt.plugins.IvyPlugin, com.typesafe.sbt.webdriver.SbtWebDriver, com.typesafe.sbt.jse.SbtJsEngine, sbt.plugins.JvmPlugin, com.typesafe.sbt.jse.SbtJsTask, play.twirl.sbt.SbtTwirl, sbt.plugins.BackgroundRunPlugin, sbt.plugins.JUnitXmlReportPlugin, play.Play, play.PlayScala, play.sbt.forkrun.PlayForkRun)
[Loading] Done in /Volumes/SSD128/AM/Scala/workspace/play-slick-quickstart, returning: (root)
Set current project to play-slick-quickstart (in build file:/Volumes/SSD128/AM/Scala/workspace/play-slick-quickstart/)
Reapplying settings...
Set current project to play-slick-quickstart (in build file:/Volumes/SSD128/AM/Scala/workspace/play-slick-quickstart/)
> iflast shell
> server-send-ready-for-request
> server-handle-next-server-request
> compile
Evaluating tasks: compile:compile
Running task... Cancel: sbt.server.ServerTaskCancellation@35b67dd4, check cycles: false

Initial source changes: 
	removed:Set()
	added: Set()
	modified: Set()
Removed products: Set()
External API changes: API Changes: Set()
Modified binary dependencies: Set()
Initial directly invalidated sources: Set()

Sources indirectly invalidated by:
	product: Set()
	binary dep: Set()
	external source: Set()
All initially invalidated sources: Set()

Total time: 2 s, completed 14.08.2015 09:10:13
> server-post-command-cleanup
> server-handle-next-server-request
> {file:/Volumes/SSD128/AM/Scala/workspace/play-slick-quickstart/}root/compile:discoveredMainClasses
Evaluating tasks: compile:discoveredMainClasses
Running task... Cancel: sbt.server.ServerTaskCancellation@548dda4, check cycles: false

Initial source changes: 
	removed:Set()
	added: Set()
	modified: Set()
Removed products: Set()
External API changes: API Changes: Set()
Modified binary dependencies: Set()
Initial directly invalidated sources: Set()

Sources indirectly invalidated by:
	product: Set()
	binary dep: Set()
	external source: Set()
All initially invalidated sources: Set()

Total time: 1 s, completed 14.08.2015 09:10:15
> server-post-command-cleanup
> server-handle-next-server-request
> {file:/Volumes/SSD128/AM/Scala/workspace/play-slick-quickstart/}root/compile:mainClass
Evaluating tasks: compile:mainClass
Running task... Cancel: sbt.server.ServerTaskCancellation@489f28a2, check cycles: false
Total time: 0 s, completed 14.08.2015 09:10:15
> server-post-command-cleanup
> server-handle-next-server-request
> {file:/Volumes/SSD128/AM/Scala/workspace/play-slick-quickstart/}root/compile:discoveredMainClasses
Evaluating tasks: compile:discoveredMainClasses
Running task... Cancel: sbt.server.ServerTaskCancellation@33311b3f, check cycles: false

Initial source changes: 
	removed:Set()
	added: Set()
	modified: Set()
Removed products: Set()
External API changes: API Changes: Set()
Modified binary dependencies: Set()
Initial directly invalidated sources: Set()

Sources indirectly invalidated by:
	product: Set()
	binary dep: Set()
	external source: Set()
All initially invalidated sources: Set()

Total time: 1 s, completed 14.08.2015 09:10:16
> server-post-command-cleanup
> server-handle-next-server-request
> backgroundRun
Evaluating tasks: compile:backgroundRun
Running task... Cancel: sbt.server.ServerTaskCancellation@55d0a0f1, check cycles: false
Total time: 0 s, completed 14.08.2015 09:57:51
> server-post-command-cleanup
> server-handle-next-server-request
> {file:/Volumes/SSD128/AM/Scala/workspace/play-slick-quickstart/}root/*:playForkConfig
Evaluating tasks: *:playForkConfig
Running task... Cancel: sbt.server.ServerTaskCancellation@5c452e8c, check cycles: false
Total time: 1 s, completed 14.08.2015 09:57:56
> server-post-command-cleanup
> server-handle-next-server-request
> root/playForkNotifyStart http://localhost:9000
Evaluating tasks: *:playForkNotifyStart
Running task... Cancel: sbt.server.ServerTaskCancellation@27562e74, check cycles: false
Total time: 0 s, completed 14.08.2015 09:57:58
> server-post-command-cleanup
> server-handle-next-server-request
> {file:/Volumes/SSD128/AM/Scala/workspace/play-slick-quickstart/}root/*:playForkReload
Evaluating tasks: *:playForkReload
Running task... Cancel: sbt.server.ServerTaskCancellation@7c2dcf53, check cycles: false

Initial source changes: 
	removed:Set()
	added: Set()
	modified: Set()
Removed products: Set()
External API changes: API Changes: Set()
Modified binary dependencies: Set()
Initial directly invalidated sources: Set()

Sources indirectly invalidated by:
	product: Set()
	binary dep: Set()
	external source: Set()
All initially invalidated sources: Set()

Copy resource mappings: 
	(/Volumes/SSD128/AM/Scala/workspace/play-slick-quickstart/conf/application.conf,/Volumes/SSD128/AM/Scala/workspace/play-slick-quickstart/target/scala-2.11/classes/application.conf)
	(/Volumes/SSD128/AM/Scala/workspace/play-slick-quickstart/conf/evolutions,/Volumes/SSD128/AM/Scala/workspace/play-slick-quickstart/target/scala-2.11/classes/evolutions)
	(/Volumes/SSD128/AM/Scala/workspace/play-slick-quickstart/conf/routes,/Volumes/SSD128/AM/Scala/workspace/play-slick-quickstart/target/scala-2.11/classes/routes)
	(/Volumes/SSD128/AM/Scala/workspace/play-slick-quickstart/conf/evolutions/default,/Volumes/SSD128/AM/Scala/workspace/play-slick-quickstart/target/scala-2.11/classes/evolutions/default)
	(/Volumes/SSD128/AM/Scala/workspace/play-slick-quickstart/conf/evolutions/default/1.sql,/Volumes/SSD128/AM/Scala/workspace/play-slick-quickstart/target/scala-2.11/classes/evolutions/default/1.sql)
Total time: 1 s, completed 14.08.2015 09:58:56
> server-post-command-cleanup
> server-handle-next-server-request
> compile
Evaluating tasks: compile:compile
Running task... Cancel: sbt.server.ServerTaskCancellation@6175b2aa, check cycles: false

Initial source changes: 
	removed:Set()
	added: Set()
	modified: Set(/Volumes/SSD128/AM/Scala/workspace/play-slick-quickstart/app/models/IPToken.scala)
Removed products: Set()
External API changes: API Changes: Set()
Modified binary dependencies: Set()
Initial directly invalidated sources: Set(/Volumes/SSD128/AM/Scala/workspace/play-slick-quickstart/app/models/IPToken.scala)

Sources indirectly invalidated by:
	product: Set()
	binary dep: Set()
	external source: Set()
All initially invalidated sources: Set(/Volumes/SSD128/AM/Scala/workspace/play-slick-quickstart/app/models/IPToken.scala)

Read from stdout: Compiling 1 Scala source to /Volumes/SSD128/AM/Scala/workspace/play-slick-quickstart/target/scala-2.11/classes...
Compiling 1 Scala source to /Volumes/SSD128/AM/Scala/workspace/play-slick-quickstart/target/scala-2.11/classes...
Getting compiler-interface from component compiler for Scala 2.11.5
Other repositories:
Default repositories:
Getting compiler-interface from component compiler for Scala 2.11.5
Other repositories:
Default repositories:
Running cached compiler 428fd5eb, interfacing (CompilerInterface) with Scala compiler version 2.11.5
Calling Scala compiler with arguments  (CompilerInterface):
	-deprecation
	-unchecked
	-encoding
	utf8
	-bootclasspath
	/Library/Java/JavaVirtualMachines/jdk1.8.0_45.jdk/Contents/Home/jre/lib/resources.jar:/Library/Java/JavaVirtualMachines/jdk1.8.0_45.jdk/Contents/Home/jre/lib/rt.jar:/Library/Java/JavaVirtualMachines/jdk1.8.0_45.jdk/Contents/Home/jre/lib/sunrsasign.jar:/Library/Java/JavaVirtualMachines/jdk1.8.0_45.jdk/Contents/Home/jre/lib/jsse.jar:/Library/Java/JavaVirtualMachines/jdk1.8.0_45.jdk/Contents/Home/jre/lib/jce.jar:/Library/Java/JavaVirtualMachines/jdk1.8.0_45.jdk/Contents/Home/jre/lib/charsets.jar:/Library/Java/JavaVirtualMachines/jdk1.8.0_45.jdk/Contents/Home/jre/lib/jfr.jar:/Library/Java/JavaVirtualMachines/jdk1.8.0_45.jdk/Contents/Home/jre/classes:/Users/paipeng/.ivy2/cache/org.scala-lang/scala-library/jars/scala-library-2.11.5.jar
	-classpath
	/Volumes/SSD128/AM/Scala/workspace/play-slick-quickstart/target/scala-2.11/classes:/Users/paipeng/.ivy2/cache/com.typesafe.play/twirl-api_2.11/jars/twirl-api_2.11-1.0.2.jar:/Users/paipeng/.ivy2/cache/org.apache.commons/commons-lang3/jars/commons-lang3-3.1.jar:/Users/paipeng/.ivy2/cache/org.scala-lang.modules/scala-xml_2.11/bundles/scala-xml_2.11-1.0.1.jar:/Users/paipeng/.ivy2/cache/com.typesafe.play/play_2.11/jars/play_2.11-2.3.8.jar:/Users/paipeng/.ivy2/cache/com.typesafe.play/build-link/jars/build-link-2.3.8.jar:/Users/paipeng/.ivy2/cache/com.typesafe.play/play-exceptions/jars/play-exceptions-2.3.8.jar:/Users/paipeng/.ivy2/cache/org.javassist/javassist/bundles/javassist-3.18.2-GA.jar:/Users/paipeng/.ivy2/cache/com.typesafe.play/play-iteratees_2.11/jars/play-iteratees_2.11-2.3.8.jar:/Users/paipeng/.ivy2/cache/org.scala-stm/scala-stm_2.11/jars/scala-stm_2.11-0.7.jar:/Users/paipeng/.ivy2/cache/com.typesafe/config/bundles/config-1.2.1.jar:/Users/paipeng/.ivy2/cache/com.typesafe.play/play-json_2.11/jars/play-json_2.11-2.3.8.jar:/Users/paipeng/.ivy2/cache/com.typesafe.play/play-functional_2.11/jars/play-functional_2.11-2.3.8.jar:/Users/paipeng/.ivy2/cache/com.typesafe.play/play-datacommons_2.11/jars/play-datacommons_2.11-2.3.8.jar:/Users/paipeng/.ivy2/cache/joda-time/joda-time/jars/joda-time-2.3.jar:/Users/paipeng/.ivy2/cache/org.joda/joda-convert/jars/joda-convert-1.6.jar:/Users/paipeng/.ivy2/cache/com.fasterxml.jackson.core/jackson-annotations/bundles/jackson-annotations-2.3.2.jar:/Users/paipeng/.ivy2/cache/org.scala-lang/scala-reflect/jars/scala-reflect-2.11.1.jar:/Users/paipeng/.ivy2/cache/org.scala-lang.modules/scala-parser-combinators_2.11/bundles/scala-parser-combinators_2.11-1.0.1.jar:/Users/paipeng/.ivy2/cache/io.netty/netty/bundles/netty-3.9.3.Final.jar:/Users/paipeng/.ivy2/cache/com.typesafe.netty/netty-http-pipelining/jars/netty-http-pipelining-1.1.2.jar:/Users/paipeng/.ivy2/cache/org.slf4j/jul-to-slf4j/jars/jul-to-slf4j-1.7.6.jar:/Users/paipeng/.ivy2/cache/org.slf4j/jcl-over-slf4j/jars/jcl-over-slf4j-1.7.6.jar:/Users/paipeng/.ivy2/cache/ch.qos.logback/logback-core/jars/logback-core-1.1.1.jar:/Users/paipeng/.ivy2/cache/ch.qos.logback/logback-classic/jars/logback-classic-1.1.1.jar:/Users/paipeng/.ivy2/cache/com.typesafe.akka/akka-actor_2.11/jars/akka-actor_2.11-2.3.4.jar:/Users/paipeng/.ivy2/cache/com.typesafe.akka/akka-slf4j_2.11/jars/akka-slf4j_2.11-2.3.4.jar:/Users/paipeng/.ivy2/cache/commons-codec/commons-codec/jars/commons-codec-1.9.jar:/Users/paipeng/.ivy2/cache/xerces/xercesImpl/jars/xercesImpl-2.11.0.jar:/Users/paipeng/.ivy2/cache/xml-apis/xml-apis/jars/xml-apis-1.4.01.jar:/Users/paipeng/.ivy2/cache/javax.transaction/jta/jars/jta-1.1.jar:/Users/paipeng/.ivy2/cache/org.webjars/webjars-play_2.11/jars/webjars-play_2.11-2.3.0-2.jar:/Users/paipeng/.ivy2/cache/org.webjars/requirejs/jars/requirejs-2.1.10.jar:/Users/paipeng/.ivy2/cache/org.webjars/webjars-locator/jars/webjars-locator-0.19.jar:/Users/paipeng/.ivy2/cache/org.slf4j/slf4j-api/jars/slf4j-api-1.7.7.jar:/Users/paipeng/.ivy2/cache/com.fasterxml.jackson.core/jackson-databind/bundles/jackson-databind-2.3.3.jar:/Users/paipeng/.ivy2/cache/com.fasterxml.jackson.core/jackson-core/bundles/jackson-core-2.3.3.jar:/Users/paipeng/.ivy2/cache/com.typesafe.play/play-slick_2.11/jars/play-slick_2.11-0.8.1.jar:/Users/paipeng/.ivy2/cache/com.typesafe.play/play-jdbc_2.11/jars/play-jdbc_2.11-2.3.4.jar:/Users/paipeng/.ivy2/cache/com.jolbox/bonecp/bundles/bonecp-0.8.0.RELEASE.jar:/Users/paipeng/.ivy2/cache/com.google.guava/guava/bundles/guava-15.0.jar:/Users/paipeng/.ivy2/cache/com.h2database/h2/jars/h2-1.3.175.jar:/Users/paipeng/.ivy2/cache/tyrex/tyrex/jars/tyrex-1.0.1.jar:/Users/paipeng/.ivy2/cache/com.typesafe.slick/slick_2.11/bundles/slick_2.11-2.1.0.jar:/Users/paipeng/.ivy2/cache/javax.servlet/javax.servlet-api/jars/javax.servlet-api-3.0.1.jar:/Users/paipeng/.ivy2/cache/com.google.code.findbugs/jsr305/jars/jsr305-2.0.1.jar:/Users/paipeng/.ivy2/cache/org.reflections/reflections/jars/reflections-0.9.8.jar:/Users/paipeng/.ivy2/cache/dom4j/dom4j/jars/dom4j-1.6.1.jar:/Users/paipeng/.ivy2/cache/mysql/mysql-connector-java/jars/mysql-connector-java-5.1.18.jar
Read from stdout: /Volumes/SSD128/AM/Scala/workspace/play-slick-quickstart/app/models/IPToken.scala:18: No matching Shape found.
Read from stdout: Slick does not know how to map the given types.
Read from stdout: Possible causes: T in Table[T] does not match your * projection. Or you use an unsupported type in a Query (e.g. scala List).
Read from stdout: Required level: scala.slick.lifted.FlatShapeLevel
Read from stdout: Source type: (scala.slick.lifted.Column[Long], scala.slick.lifted.Column[String], scala.slick.lifted.Column[String])
Read from stdout: Unpacked type: (Long, String, String, java.sql.Timestamp)
Read from stdout: Packed type: Any
/Volumes/SSD128/AM/Scala/workspace/play-slick-quickstart/app/models/IPToken.scala:18: No matching Shape found.
Slick does not know how to map the given types.
Possible causes: T in Table[T] does not match your * projection. Or you use an unsupported type in a Query (e.g. scala List).
  Required level: scala.slick.lifted.FlatShapeLevel
     Source type: (scala.slick.lifted.Column[Long], scala.slick.lifted.Column[String], scala.slick.lifted.Column[String])
   Unpacked type: (Long, String, String, java.sql.Timestamp)
     Packed type: Any

Read from stdout: def * = (id, getToken, setToken) <> (IPToken.tupled, IPToken.unapply _)
  def * = (id, getToken, setToken) <> (IPToken.tupled, IPToken.unapply _)
Read from stdout: ^
                                   ^
Read from stdout: one error found
one error found
Compilation failed (CompilerInterface)
Read from stdout: (compile:compileIncremental) Compilation failed
(compile:compileIncremental) Compilation failed
Total time: 6 s, completed 14.08.2015 10:01:42
> server-post-command-error-handler
> server-post-command-cleanup
> server-handle-next-server-request
> compile
Evaluating tasks: compile:compile
Running task... Cancel: sbt.server.ServerTaskCancellation@3d3f942a, check cycles: false

Initial source changes: 
	removed:Set()
	added: Set()
	modified: Set(/Volumes/SSD128/AM/Scala/workspace/play-slick-quickstart/app/models/IPToken.scala)
Removed products: Set()
External API changes: API Changes: Set()
Modified binary dependencies: Set()
Initial directly invalidated sources: Set(/Volumes/SSD128/AM/Scala/workspace/play-slick-quickstart/app/models/IPToken.scala)

Sources indirectly invalidated by:
	product: Set()
	binary dep: Set()
	external source: Set()
All initially invalidated sources: Set(/Volumes/SSD128/AM/Scala/workspace/play-slick-quickstart/app/models/IPToken.scala)

Read from stdout: Compiling 1 Scala source to /Volumes/SSD128/AM/Scala/workspace/play-slick-quickstart/target/scala-2.11/classes...
Compiling 1 Scala source to /Volumes/SSD128/AM/Scala/workspace/play-slick-quickstart/target/scala-2.11/classes...
Getting compiler-interface from component compiler for Scala 2.11.5
Other repositories:
Default repositories:
Getting compiler-interface from component compiler for Scala 2.11.5
Other repositories:
Default repositories:
Running cached compiler 7c3c1ec, interfacing (CompilerInterface) with Scala compiler version 2.11.5
Calling Scala compiler with arguments  (CompilerInterface):
	-deprecation
	-unchecked
	-encoding
	utf8
	-bootclasspath
	/Library/Java/JavaVirtualMachines/jdk1.8.0_45.jdk/Contents/Home/jre/lib/resources.jar:/Library/Java/JavaVirtualMachines/jdk1.8.0_45.jdk/Contents/Home/jre/lib/rt.jar:/Library/Java/JavaVirtualMachines/jdk1.8.0_45.jdk/Contents/Home/jre/lib/sunrsasign.jar:/Library/Java/JavaVirtualMachines/jdk1.8.0_45.jdk/Contents/Home/jre/lib/jsse.jar:/Library/Java/JavaVirtualMachines/jdk1.8.0_45.jdk/Contents/Home/jre/lib/jce.jar:/Library/Java/JavaVirtualMachines/jdk1.8.0_45.jdk/Contents/Home/jre/lib/charsets.jar:/Library/Java/JavaVirtualMachines/jdk1.8.0_45.jdk/Contents/Home/jre/lib/jfr.jar:/Library/Java/JavaVirtualMachines/jdk1.8.0_45.jdk/Contents/Home/jre/classes:/Users/paipeng/.ivy2/cache/org.scala-lang/scala-library/jars/scala-library-2.11.5.jar
	-classpath
	/Volumes/SSD128/AM/Scala/workspace/play-slick-quickstart/target/scala-2.11/classes:/Users/paipeng/.ivy2/cache/com.typesafe.play/twirl-api_2.11/jars/twirl-api_2.11-1.0.2.jar:/Users/paipeng/.ivy2/cache/org.apache.commons/commons-lang3/jars/commons-lang3-3.1.jar:/Users/paipeng/.ivy2/cache/org.scala-lang.modules/scala-xml_2.11/bundles/scala-xml_2.11-1.0.1.jar:/Users/paipeng/.ivy2/cache/com.typesafe.play/play_2.11/jars/play_2.11-2.3.8.jar:/Users/paipeng/.ivy2/cache/com.typesafe.play/build-link/jars/build-link-2.3.8.jar:/Users/paipeng/.ivy2/cache/com.typesafe.play/play-exceptions/jars/play-exceptions-2.3.8.jar:/Users/paipeng/.ivy2/cache/org.javassist/javassist/bundles/javassist-3.18.2-GA.jar:/Users/paipeng/.ivy2/cache/com.typesafe.play/play-iteratees_2.11/jars/play-iteratees_2.11-2.3.8.jar:/Users/paipeng/.ivy2/cache/org.scala-stm/scala-stm_2.11/jars/scala-stm_2.11-0.7.jar:/Users/paipeng/.ivy2/cache/com.typesafe/config/bundles/config-1.2.1.jar:/Users/paipeng/.ivy2/cache/com.typesafe.play/play-json_2.11/jars/play-json_2.11-2.3.8.jar:/Users/paipeng/.ivy2/cache/com.typesafe.play/play-functional_2.11/jars/play-functional_2.11-2.3.8.jar:/Users/paipeng/.ivy2/cache/com.typesafe.play/play-datacommons_2.11/jars/play-datacommons_2.11-2.3.8.jar:/Users/paipeng/.ivy2/cache/joda-time/joda-time/jars/joda-time-2.3.jar:/Users/paipeng/.ivy2/cache/org.joda/joda-convert/jars/joda-convert-1.6.jar:/Users/paipeng/.ivy2/cache/com.fasterxml.jackson.core/jackson-annotations/bundles/jackson-annotations-2.3.2.jar:/Users/paipeng/.ivy2/cache/org.scala-lang/scala-reflect/jars/scala-reflect-2.11.1.jar:/Users/paipeng/.ivy2/cache/org.scala-lang.modules/scala-parser-combinators_2.11/bundles/scala-parser-combinators_2.11-1.0.1.jar:/Users/paipeng/.ivy2/cache/io.netty/netty/bundles/netty-3.9.3.Final.jar:/Users/paipeng/.ivy2/cache/com.typesafe.netty/netty-http-pipelining/jars/netty-http-pipelining-1.1.2.jar:/Users/paipeng/.ivy2/cache/org.slf4j/jul-to-slf4j/jars/jul-to-slf4j-1.7.6.jar:/Users/paipeng/.ivy2/cache/org.slf4j/jcl-over-slf4j/jars/jcl-over-slf4j-1.7.6.jar:/Users/paipeng/.ivy2/cache/ch.qos.logback/logback-core/jars/logback-core-1.1.1.jar:/Users/paipeng/.ivy2/cache/ch.qos.logback/logback-classic/jars/logback-classic-1.1.1.jar:/Users/paipeng/.ivy2/cache/com.typesafe.akka/akka-actor_2.11/jars/akka-actor_2.11-2.3.4.jar:/Users/paipeng/.ivy2/cache/com.typesafe.akka/akka-slf4j_2.11/jars/akka-slf4j_2.11-2.3.4.jar:/Users/paipeng/.ivy2/cache/commons-codec/commons-codec/jars/commons-codec-1.9.jar:/Users/paipeng/.ivy2/cache/xerces/xercesImpl/jars/xercesImpl-2.11.0.jar:/Users/paipeng/.ivy2/cache/xml-apis/xml-apis/jars/xml-apis-1.4.01.jar:/Users/paipeng/.ivy2/cache/javax.transaction/jta/jars/jta-1.1.jar:/Users/paipeng/.ivy2/cache/org.webjars/webjars-play_2.11/jars/webjars-play_2.11-2.3.0-2.jar:/Users/paipeng/.ivy2/cache/org.webjars/requirejs/jars/requirejs-2.1.10.jar:/Users/paipeng/.ivy2/cache/org.webjars/webjars-locator/jars/webjars-locator-0.19.jar:/Users/paipeng/.ivy2/cache/org.slf4j/slf4j-api/jars/slf4j-api-1.7.7.jar:/Users/paipeng/.ivy2/cache/com.fasterxml.jackson.core/jackson-databind/bundles/jackson-databind-2.3.3.jar:/Users/paipeng/.ivy2/cache/com.fasterxml.jackson.core/jackson-core/bundles/jackson-core-2.3.3.jar:/Users/paipeng/.ivy2/cache/com.typesafe.play/play-slick_2.11/jars/play-slick_2.11-0.8.1.jar:/Users/paipeng/.ivy2/cache/com.typesafe.play/play-jdbc_2.11/jars/play-jdbc_2.11-2.3.4.jar:/Users/paipeng/.ivy2/cache/com.jolbox/bonecp/bundles/bonecp-0.8.0.RELEASE.jar:/Users/paipeng/.ivy2/cache/com.google.guava/guava/bundles/guava-15.0.jar:/Users/paipeng/.ivy2/cache/com.h2database/h2/jars/h2-1.3.175.jar:/Users/paipeng/.ivy2/cache/tyrex/tyrex/jars/tyrex-1.0.1.jar:/Users/paipeng/.ivy2/cache/com.typesafe.slick/slick_2.11/bundles/slick_2.11-2.1.0.jar:/Users/paipeng/.ivy2/cache/javax.servlet/javax.servlet-api/jars/javax.servlet-api-3.0.1.jar:/Users/paipeng/.ivy2/cache/com.google.code.findbugs/jsr305/jars/jsr305-2.0.1.jar:/Users/paipeng/.ivy2/cache/org.reflections/reflections/jars/reflections-0.9.8.jar:/Users/paipeng/.ivy2/cache/dom4j/dom4j/jars/dom4j-1.6.1.jar:/Users/paipeng/.ivy2/cache/mysql/mysql-connector-java/jars/mysql-connector-java-5.1.18.jar
Scala compilation took 3.816129863 s
Invalidating /Volumes/SSD128/AM/Scala/workspace/play-slick-quickstart/app/models/IPToken.scala...
Invalidating (transitively) by inheritance from /Volumes/SSD128/AM/Scala/workspace/play-slick-quickstart/app/models/IPToken.scala...
Initial set of included nodes: Set(/Volumes/SSD128/AM/Scala/workspace/play-slick-quickstart/app/models/IPToken.scala)
Invalidated by transitive inheritance dependency: Set(/Volumes/SSD128/AM/Scala/workspace/play-slick-quickstart/app/models/IPToken.scala)
The /Volumes/SSD128/AM/Scala/workspace/play-slick-quickstart/app/models/IPToken.scala source file has the following regular definitions changed:
	createdAt, <init>, copy$default$4, copy.
All member reference dependencies will be considered within this context.
The following modified names cause invalidation of /Volumes/SSD128/AM/Scala/workspace/play-slick-quickstart/app/controllers/Application.scala: Set(createdAt, <init>)
The following modified names cause invalidation of /Volumes/SSD128/AM/Scala/workspace/play-slick-quickstart/app/models/IPAddress.scala: Set(createdAt, <init>)
New invalidations:
	Set(/Volumes/SSD128/AM/Scala/workspace/play-slick-quickstart/app/controllers/Application.scala, /Volumes/SSD128/AM/Scala/workspace/play-slick-quickstart/app/models/IPAddress.scala)
Initial set of included nodes: Set(/Volumes/SSD128/AM/Scala/workspace/play-slick-quickstart/app/controllers/Application.scala, /Volumes/SSD128/AM/Scala/workspace/play-slick-quickstart/app/models/IPAddress.scala)
Including /Volumes/SSD128/AM/Scala/workspace/play-slick-quickstart/target/scala-2.11/src_managed/main/routes_reverseRouting.scala by /Volumes/SSD128/AM/Scala/workspace/play-slick-quickstart/app/controllers/Application.scala
Including /Volumes/SSD128/AM/Scala/workspace/play-slick-quickstart/target/scala-2.11/twirl/main/views/html/main.template.scala by /Volumes/SSD128/AM/Scala/workspace/play-slick-quickstart/target/scala-2.11/src_managed/main/routes_reverseRouting.scala
Including /Volumes/SSD128/AM/Scala/workspace/play-slick-quickstart/target/scala-2.11/twirl/main/views/html/index.template.scala by /Volumes/SSD128/AM/Scala/workspace/play-slick-quickstart/target/scala-2.11/twirl/main/views/html/main.template.scala
Including /Volumes/SSD128/AM/Scala/workspace/play-slick-quickstart/target/scala-2.11/src_managed/main/routes_routing.scala by /Volumes/SSD128/AM/Scala/workspace/play-slick-quickstart/app/controllers/Application.scala
Previously invalidated, but (transitively) depend on new invalidations:
	Set()
All newly invalidated sources after taking into account (previously) recompiled sources:Set(/Volumes/SSD128/AM/Scala/workspace/play-slick-quickstart/app/controllers/Application.scala, /Volumes/SSD128/AM/Scala/workspace/play-slick-quickstart/app/models/IPAddress.scala)
Read from stdout: Compiling 2 Scala sources to /Volumes/SSD128/AM/Scala/workspace/play-slick-quickstart/target/scala-2.11/classes...
Compiling 2 Scala sources to /Volumes/SSD128/AM/Scala/workspace/play-slick-quickstart/target/scala-2.11/classes...
Getting compiler-interface from component compiler for Scala 2.11.5
Other repositories:
Default repositories:
Getting compiler-interface from component compiler for Scala 2.11.5
Other repositories:
Default repositories:
Running cached compiler 1bf5a8b1, interfacing (CompilerInterface) with Scala compiler version 2.11.5
Calling Scala compiler with arguments  (CompilerInterface):
	-deprecation
	-unchecked
	-encoding
	utf8
	-bootclasspath
	/Library/Java/JavaVirtualMachines/jdk1.8.0_45.jdk/Contents/Home/jre/lib/resources.jar:/Library/Java/JavaVirtualMachines/jdk1.8.0_45.jdk/Contents/Home/jre/lib/rt.jar:/Library/Java/JavaVirtualMachines/jdk1.8.0_45.jdk/Contents/Home/jre/lib/sunrsasign.jar:/Library/Java/JavaVirtualMachines/jdk1.8.0_45.jdk/Contents/Home/jre/lib/jsse.jar:/Library/Java/JavaVirtualMachines/jdk1.8.0_45.jdk/Contents/Home/jre/lib/jce.jar:/Library/Java/JavaVirtualMachines/jdk1.8.0_45.jdk/Contents/Home/jre/lib/charsets.jar:/Library/Java/JavaVirtualMachines/jdk1.8.0_45.jdk/Contents/Home/jre/lib/jfr.jar:/Library/Java/JavaVirtualMachines/jdk1.8.0_45.jdk/Contents/Home/jre/classes:/Users/paipeng/.ivy2/cache/org.scala-lang/scala-library/jars/scala-library-2.11.5.jar
	-classpath
	/Volumes/SSD128/AM/Scala/workspace/play-slick-quickstart/target/scala-2.11/classes:/Users/paipeng/.ivy2/cache/com.typesafe.play/twirl-api_2.11/jars/twirl-api_2.11-1.0.2.jar:/Users/paipeng/.ivy2/cache/org.apache.commons/commons-lang3/jars/commons-lang3-3.1.jar:/Users/paipeng/.ivy2/cache/org.scala-lang.modules/scala-xml_2.11/bundles/scala-xml_2.11-1.0.1.jar:/Users/paipeng/.ivy2/cache/com.typesafe.play/play_2.11/jars/play_2.11-2.3.8.jar:/Users/paipeng/.ivy2/cache/com.typesafe.play/build-link/jars/build-link-2.3.8.jar:/Users/paipeng/.ivy2/cache/com.typesafe.play/play-exceptions/jars/play-exceptions-2.3.8.jar:/Users/paipeng/.ivy2/cache/org.javassist/javassist/bundles/javassist-3.18.2-GA.jar:/Users/paipeng/.ivy2/cache/com.typesafe.play/play-iteratees_2.11/jars/play-iteratees_2.11-2.3.8.jar:/Users/paipeng/.ivy2/cache/org.scala-stm/scala-stm_2.11/jars/scala-stm_2.11-0.7.jar:/Users/paipeng/.ivy2/cache/com.typesafe/config/bundles/config-1.2.1.jar:/Users/paipeng/.ivy2/cache/com.typesafe.play/play-json_2.11/jars/play-json_2.11-2.3.8.jar:/Users/paipeng/.ivy2/cache/com.typesafe.play/play-functional_2.11/jars/play-functional_2.11-2.3.8.jar:/Users/paipeng/.ivy2/cache/com.typesafe.play/play-datacommons_2.11/jars/play-datacommons_2.11-2.3.8.jar:/Users/paipeng/.ivy2/cache/joda-time/joda-time/jars/joda-time-2.3.jar:/Users/paipeng/.ivy2/cache/org.joda/joda-convert/jars/joda-convert-1.6.jar:/Users/paipeng/.ivy2/cache/com.fasterxml.jackson.core/jackson-annotations/bundles/jackson-annotations-2.3.2.jar:/Users/paipeng/.ivy2/cache/org.scala-lang/scala-reflect/jars/scala-reflect-2.11.1.jar:/Users/paipeng/.ivy2/cache/org.scala-lang.modules/scala-parser-combinators_2.11/bundles/scala-parser-combinators_2.11-1.0.1.jar:/Users/paipeng/.ivy2/cache/io.netty/netty/bundles/netty-3.9.3.Final.jar:/Users/paipeng/.ivy2/cache/com.typesafe.netty/netty-http-pipelining/jars/netty-http-pipelining-1.1.2.jar:/Users/paipeng/.ivy2/cache/org.slf4j/jul-to-slf4j/jars/jul-to-slf4j-1.7.6.jar:/Users/paipeng/.ivy2/cache/org.slf4j/jcl-over-slf4j/jars/jcl-over-slf4j-1.7.6.jar:/Users/paipeng/.ivy2/cache/ch.qos.logback/logback-core/jars/logback-core-1.1.1.jar:/Users/paipeng/.ivy2/cache/ch.qos.logback/logback-classic/jars/logback-classic-1.1.1.jar:/Users/paipeng/.ivy2/cache/com.typesafe.akka/akka-actor_2.11/jars/akka-actor_2.11-2.3.4.jar:/Users/paipeng/.ivy2/cache/com.typesafe.akka/akka-slf4j_2.11/jars/akka-slf4j_2.11-2.3.4.jar:/Users/paipeng/.ivy2/cache/commons-codec/commons-codec/jars/commons-codec-1.9.jar:/Users/paipeng/.ivy2/cache/xerces/xercesImpl/jars/xercesImpl-2.11.0.jar:/Users/paipeng/.ivy2/cache/xml-apis/xml-apis/jars/xml-apis-1.4.01.jar:/Users/paipeng/.ivy2/cache/javax.transaction/jta/jars/jta-1.1.jar:/Users/paipeng/.ivy2/cache/org.webjars/webjars-play_2.11/jars/webjars-play_2.11-2.3.0-2.jar:/Users/paipeng/.ivy2/cache/org.webjars/requirejs/jars/requirejs-2.1.10.jar:/Users/paipeng/.ivy2/cache/org.webjars/webjars-locator/jars/webjars-locator-0.19.jar:/Users/paipeng/.ivy2/cache/org.slf4j/slf4j-api/jars/slf4j-api-1.7.7.jar:/Users/paipeng/.ivy2/cache/com.fasterxml.jackson.core/jackson-databind/bundles/jackson-databind-2.3.3.jar:/Users/paipeng/.ivy2/cache/com.fasterxml.jackson.core/jackson-core/bundles/jackson-core-2.3.3.jar:/Users/paipeng/.ivy2/cache/com.typesafe.play/play-slick_2.11/jars/play-slick_2.11-0.8.1.jar:/Users/paipeng/.ivy2/cache/com.typesafe.play/play-jdbc_2.11/jars/play-jdbc_2.11-2.3.4.jar:/Users/paipeng/.ivy2/cache/com.jolbox/bonecp/bundles/bonecp-0.8.0.RELEASE.jar:/Users/paipeng/.ivy2/cache/com.google.guava/guava/bundles/guava-15.0.jar:/Users/paipeng/.ivy2/cache/com.h2database/h2/jars/h2-1.3.175.jar:/Users/paipeng/.ivy2/cache/tyrex/tyrex/jars/tyrex-1.0.1.jar:/Users/paipeng/.ivy2/cache/com.typesafe.slick/slick_2.11/bundles/slick_2.11-2.1.0.jar:/Users/paipeng/.ivy2/cache/javax.servlet/javax.servlet-api/jars/javax.servlet-api-3.0.1.jar:/Users/paipeng/.ivy2/cache/com.google.code.findbugs/jsr305/jars/jsr305-2.0.1.jar:/Users/paipeng/.ivy2/cache/org.reflections/reflections/jars/reflections-0.9.8.jar:/Users/paipeng/.ivy2/cache/dom4j/dom4j/jars/dom4j-1.6.1.jar:/Users/paipeng/.ivy2/cache/mysql/mysql-connector-java/jars/mysql-connector-java-5.1.18.jar
Read from stdout: /Volumes/SSD128/AM/Scala/workspace/play-slick-quickstart/app/controllers/Application.scala:112: not enough arguments for constructor IPToken: (id: Long, getToken: String, setToken: String, createdAt: java.sql.Timestamp)models.IPToken.
Read from stdout: Unspecified value parameter createdAt.
/Volumes/SSD128/AM/Scala/workspace/play-slick-quickstart/app/controllers/Application.scala:112: not enough arguments for constructor IPToken: (id: Long, getToken: String, setToken: String, createdAt: java.sql.Timestamp)models.IPToken.
Unspecified value parameter createdAt.
Read from stdout: val ipToken = new IPToken(-1, set, get)
      val ipToken = new IPToken(-1, set, get)
Read from stdout: ^
                    ^
Read from stdout: /Volumes/SSD128/AM/Scala/workspace/play-slick-quickstart/app/controllers/Application.scala:116: not enough arguments for constructor IPToken: (id: Long, getToken: String, setToken: String, createdAt: java.sql.Timestamp)models.IPToken.
Read from stdout: Unspecified value parameter createdAt.
/Volumes/SSD128/AM/Scala/workspace/play-slick-quickstart/app/controllers/Application.scala:116: not enough arguments for constructor IPToken: (id: Long, getToken: String, setToken: String, createdAt: java.sql.Timestamp)models.IPToken.
Unspecified value parameter createdAt.
Read from stdout: Ok(toJson(new IPToken(newId, set, get)))
      Ok(toJson(new IPToken(newId, set, get)))
Read from stdout: ^
                ^
Read from stdout: two errors found
two errors found
Compilation failed (CompilerInterface)
Read from stdout: (compile:compileIncremental) Compilation failed
(compile:compileIncremental) Compilation failed
Total time: 8 s, completed 14.08.2015 10:02:11
> server-post-command-error-handler
> server-post-command-cleanup
> server-handle-next-server-request
> compile
Evaluating tasks: compile:compile
Running task... Cancel: sbt.server.ServerTaskCancellation@3ee97dec, check cycles: false

Initial source changes: 
	removed:Set()
	added: Set()
	modified: Set(/Volumes/SSD128/AM/Scala/workspace/play-slick-quickstart/app/controllers/Application.scala, /Volumes/SSD128/AM/Scala/workspace/play-slick-quickstart/app/models/IPToken.scala)
Removed products: Set()
External API changes: API Changes: Set()
Modified binary dependencies: Set()
Initial directly invalidated sources: Set(/Volumes/SSD128/AM/Scala/workspace/play-slick-quickstart/app/controllers/Application.scala, /Volumes/SSD128/AM/Scala/workspace/play-slick-quickstart/app/models/IPToken.scala)

Sources indirectly invalidated by:
	product: Set()
	binary dep: Set()
	external source: Set()
All initially invalidated sources: Set(/Volumes/SSD128/AM/Scala/workspace/play-slick-quickstart/app/controllers/Application.scala, /Volumes/SSD128/AM/Scala/workspace/play-slick-quickstart/app/models/IPToken.scala)

Read from stdout: Compiling 2 Scala sources to /Volumes/SSD128/AM/Scala/workspace/play-slick-quickstart/target/scala-2.11/classes...
Compiling 2 Scala sources to /Volumes/SSD128/AM/Scala/workspace/play-slick-quickstart/target/scala-2.11/classes...
Getting compiler-interface from component compiler for Scala 2.11.5
Other repositories:
Default repositories:
Getting compiler-interface from component compiler for Scala 2.11.5
Other repositories:
Default repositories:
Running cached compiler 17e19bca, interfacing (CompilerInterface) with Scala compiler version 2.11.5
Calling Scala compiler with arguments  (CompilerInterface):
	-deprecation
	-unchecked
	-encoding
	utf8
	-bootclasspath
	/Library/Java/JavaVirtualMachines/jdk1.8.0_45.jdk/Contents/Home/jre/lib/resources.jar:/Library/Java/JavaVirtualMachines/jdk1.8.0_45.jdk/Contents/Home/jre/lib/rt.jar:/Library/Java/JavaVirtualMachines/jdk1.8.0_45.jdk/Contents/Home/jre/lib/sunrsasign.jar:/Library/Java/JavaVirtualMachines/jdk1.8.0_45.jdk/Contents/Home/jre/lib/jsse.jar:/Library/Java/JavaVirtualMachines/jdk1.8.0_45.jdk/Contents/Home/jre/lib/jce.jar:/Library/Java/JavaVirtualMachines/jdk1.8.0_45.jdk/Contents/Home/jre/lib/charsets.jar:/Library/Java/JavaVirtualMachines/jdk1.8.0_45.jdk/Contents/Home/jre/lib/jfr.jar:/Library/Java/JavaVirtualMachines/jdk1.8.0_45.jdk/Contents/Home/jre/classes:/Users/paipeng/.ivy2/cache/org.scala-lang/scala-library/jars/scala-library-2.11.5.jar
	-classpath
	/Volumes/SSD128/AM/Scala/workspace/play-slick-quickstart/target/scala-2.11/classes:/Users/paipeng/.ivy2/cache/com.typesafe.play/twirl-api_2.11/jars/twirl-api_2.11-1.0.2.jar:/Users/paipeng/.ivy2/cache/org.apache.commons/commons-lang3/jars/commons-lang3-3.1.jar:/Users/paipeng/.ivy2/cache/org.scala-lang.modules/scala-xml_2.11/bundles/scala-xml_2.11-1.0.1.jar:/Users/paipeng/.ivy2/cache/com.typesafe.play/play_2.11/jars/play_2.11-2.3.8.jar:/Users/paipeng/.ivy2/cache/com.typesafe.play/build-link/jars/build-link-2.3.8.jar:/Users/paipeng/.ivy2/cache/com.typesafe.play/play-exceptions/jars/play-exceptions-2.3.8.jar:/Users/paipeng/.ivy2/cache/org.javassist/javassist/bundles/javassist-3.18.2-GA.jar:/Users/paipeng/.ivy2/cache/com.typesafe.play/play-iteratees_2.11/jars/play-iteratees_2.11-2.3.8.jar:/Users/paipeng/.ivy2/cache/org.scala-stm/scala-stm_2.11/jars/scala-stm_2.11-0.7.jar:/Users/paipeng/.ivy2/cache/com.typesafe/config/bundles/config-1.2.1.jar:/Users/paipeng/.ivy2/cache/com.typesafe.play/play-json_2.11/jars/play-json_2.11-2.3.8.jar:/Users/paipeng/.ivy2/cache/com.typesafe.play/play-functional_2.11/jars/play-functional_2.11-2.3.8.jar:/Users/paipeng/.ivy2/cache/com.typesafe.play/play-datacommons_2.11/jars/play-datacommons_2.11-2.3.8.jar:/Users/paipeng/.ivy2/cache/joda-time/joda-time/jars/joda-time-2.3.jar:/Users/paipeng/.ivy2/cache/org.joda/joda-convert/jars/joda-convert-1.6.jar:/Users/paipeng/.ivy2/cache/com.fasterxml.jackson.core/jackson-annotations/bundles/jackson-annotations-2.3.2.jar:/Users/paipeng/.ivy2/cache/org.scala-lang/scala-reflect/jars/scala-reflect-2.11.1.jar:/Users/paipeng/.ivy2/cache/org.scala-lang.modules/scala-parser-combinators_2.11/bundles/scala-parser-combinators_2.11-1.0.1.jar:/Users/paipeng/.ivy2/cache/io.netty/netty/bundles/netty-3.9.3.Final.jar:/Users/paipeng/.ivy2/cache/com.typesafe.netty/netty-http-pipelining/jars/netty-http-pipelining-1.1.2.jar:/Users/paipeng/.ivy2/cache/org.slf4j/jul-to-slf4j/jars/jul-to-slf4j-1.7.6.jar:/Users/paipeng/.ivy2/cache/org.slf4j/jcl-over-slf4j/jars/jcl-over-slf4j-1.7.6.jar:/Users/paipeng/.ivy2/cache/ch.qos.logback/logback-core/jars/logback-core-1.1.1.jar:/Users/paipeng/.ivy2/cache/ch.qos.logback/logback-classic/jars/logback-classic-1.1.1.jar:/Users/paipeng/.ivy2/cache/com.typesafe.akka/akka-actor_2.11/jars/akka-actor_2.11-2.3.4.jar:/Users/paipeng/.ivy2/cache/com.typesafe.akka/akka-slf4j_2.11/jars/akka-slf4j_2.11-2.3.4.jar:/Users/paipeng/.ivy2/cache/commons-codec/commons-codec/jars/commons-codec-1.9.jar:/Users/paipeng/.ivy2/cache/xerces/xercesImpl/jars/xercesImpl-2.11.0.jar:/Users/paipeng/.ivy2/cache/xml-apis/xml-apis/jars/xml-apis-1.4.01.jar:/Users/paipeng/.ivy2/cache/javax.transaction/jta/jars/jta-1.1.jar:/Users/paipeng/.ivy2/cache/org.webjars/webjars-play_2.11/jars/webjars-play_2.11-2.3.0-2.jar:/Users/paipeng/.ivy2/cache/org.webjars/requirejs/jars/requirejs-2.1.10.jar:/Users/paipeng/.ivy2/cache/org.webjars/webjars-locator/jars/webjars-locator-0.19.jar:/Users/paipeng/.ivy2/cache/org.slf4j/slf4j-api/jars/slf4j-api-1.7.7.jar:/Users/paipeng/.ivy2/cache/com.fasterxml.jackson.core/jackson-databind/bundles/jackson-databind-2.3.3.jar:/Users/paipeng/.ivy2/cache/com.fasterxml.jackson.core/jackson-core/bundles/jackson-core-2.3.3.jar:/Users/paipeng/.ivy2/cache/com.typesafe.play/play-slick_2.11/jars/play-slick_2.11-0.8.1.jar:/Users/paipeng/.ivy2/cache/com.typesafe.play/play-jdbc_2.11/jars/play-jdbc_2.11-2.3.4.jar:/Users/paipeng/.ivy2/cache/com.jolbox/bonecp/bundles/bonecp-0.8.0.RELEASE.jar:/Users/paipeng/.ivy2/cache/com.google.guava/guava/bundles/guava-15.0.jar:/Users/paipeng/.ivy2/cache/com.h2database/h2/jars/h2-1.3.175.jar:/Users/paipeng/.ivy2/cache/tyrex/tyrex/jars/tyrex-1.0.1.jar:/Users/paipeng/.ivy2/cache/com.typesafe.slick/slick_2.11/bundles/slick_2.11-2.1.0.jar:/Users/paipeng/.ivy2/cache/javax.servlet/javax.servlet-api/jars/javax.servlet-api-3.0.1.jar:/Users/paipeng/.ivy2/cache/com.google.code.findbugs/jsr305/jars/jsr305-2.0.1.jar:/Users/paipeng/.ivy2/cache/org.reflections/reflections/jars/reflections-0.9.8.jar:/Users/paipeng/.ivy2/cache/dom4j/dom4j/jars/dom4j-1.6.1.jar:/Users/paipeng/.ivy2/cache/mysql/mysql-connector-java/jars/mysql-connector-java-5.1.18.jar
Read from stdout: /Volumes/SSD128/AM/Scala/workspace/play-slick-quickstart/app/controllers/Application.scala:116: not enough arguments for constructor IPToken: (id: Long, getToken: String, setToken: String, createdAt: java.sql.Timestamp)models.IPToken.
Read from stdout: Unspecified value parameter createdAt.
/Volumes/SSD128/AM/Scala/workspace/play-slick-quickstart/app/controllers/Application.scala:116: not enough arguments for constructor IPToken: (id: Long, getToken: String, setToken: String, createdAt: java.sql.Timestamp)models.IPToken.
Unspecified value parameter createdAt.
Read from stdout: Ok(toJson(new IPToken(newId, set, get)))
      Ok(toJson(new IPToken(newId, set, get)))
Read from stdout: ^
                ^
Read from stdout: one error found
one error found
Compilation failed (CompilerInterface)
Read from stdout: (compile:compileIncremental) Compilation failed
(compile:compileIncremental) Compilation failed
Total time: 3 s, completed 14.08.2015 10:02:28
> server-post-command-error-handler
> server-post-command-cleanup
> server-handle-next-server-request
> compile
Evaluating tasks: compile:compile
Running task... Cancel: sbt.server.ServerTaskCancellation@7ca674c, check cycles: false

Initial source changes: 
	removed:Set()
	added: Set()
	modified: Set(/Volumes/SSD128/AM/Scala/workspace/play-slick-quickstart/app/controllers/Application.scala, /Volumes/SSD128/AM/Scala/workspace/play-slick-quickstart/app/models/IPToken.scala)
Removed products: Set()
External API changes: API Changes: Set()
Modified binary dependencies: Set()
Initial directly invalidated sources: Set(/Volumes/SSD128/AM/Scala/workspace/play-slick-quickstart/app/controllers/Application.scala, /Volumes/SSD128/AM/Scala/workspace/play-slick-quickstart/app/models/IPToken.scala)

Sources indirectly invalidated by:
	product: Set()
	binary dep: Set()
	external source: Set()
All initially invalidated sources: Set(/Volumes/SSD128/AM/Scala/workspace/play-slick-quickstart/app/controllers/Application.scala, /Volumes/SSD128/AM/Scala/workspace/play-slick-quickstart/app/models/IPToken.scala)

Read from stdout: Compiling 2 Scala sources to /Volumes/SSD128/AM/Scala/workspace/play-slick-quickstart/target/scala-2.11/classes...
Compiling 2 Scala sources to /Volumes/SSD128/AM/Scala/workspace/play-slick-quickstart/target/scala-2.11/classes...
Getting compiler-interface from component compiler for Scala 2.11.5
Other repositories:
Default repositories:
Getting compiler-interface from component compiler for Scala 2.11.5
Other repositories:
Default repositories:
Running cached compiler 7f27eda, interfacing (CompilerInterface) with Scala compiler version 2.11.5
Calling Scala compiler with arguments  (CompilerInterface):
	-deprecation
	-unchecked
	-encoding
	utf8
	-bootclasspath
	/Library/Java/JavaVirtualMachines/jdk1.8.0_45.jdk/Contents/Home/jre/lib/resources.jar:/Library/Java/JavaVirtualMachines/jdk1.8.0_45.jdk/Contents/Home/jre/lib/rt.jar:/Library/Java/JavaVirtualMachines/jdk1.8.0_45.jdk/Contents/Home/jre/lib/sunrsasign.jar:/Library/Java/JavaVirtualMachines/jdk1.8.0_45.jdk/Contents/Home/jre/lib/jsse.jar:/Library/Java/JavaVirtualMachines/jdk1.8.0_45.jdk/Contents/Home/jre/lib/jce.jar:/Library/Java/JavaVirtualMachines/jdk1.8.0_45.jdk/Contents/Home/jre/lib/charsets.jar:/Library/Java/JavaVirtualMachines/jdk1.8.0_45.jdk/Contents/Home/jre/lib/jfr.jar:/Library/Java/JavaVirtualMachines/jdk1.8.0_45.jdk/Contents/Home/jre/classes:/Users/paipeng/.ivy2/cache/org.scala-lang/scala-library/jars/scala-library-2.11.5.jar
	-classpath
	/Volumes/SSD128/AM/Scala/workspace/play-slick-quickstart/target/scala-2.11/classes:/Users/paipeng/.ivy2/cache/com.typesafe.play/twirl-api_2.11/jars/twirl-api_2.11-1.0.2.jar:/Users/paipeng/.ivy2/cache/org.apache.commons/commons-lang3/jars/commons-lang3-3.1.jar:/Users/paipeng/.ivy2/cache/org.scala-lang.modules/scala-xml_2.11/bundles/scala-xml_2.11-1.0.1.jar:/Users/paipeng/.ivy2/cache/com.typesafe.play/play_2.11/jars/play_2.11-2.3.8.jar:/Users/paipeng/.ivy2/cache/com.typesafe.play/build-link/jars/build-link-2.3.8.jar:/Users/paipeng/.ivy2/cache/com.typesafe.play/play-exceptions/jars/play-exceptions-2.3.8.jar:/Users/paipeng/.ivy2/cache/org.javassist/javassist/bundles/javassist-3.18.2-GA.jar:/Users/paipeng/.ivy2/cache/com.typesafe.play/play-iteratees_2.11/jars/play-iteratees_2.11-2.3.8.jar:/Users/paipeng/.ivy2/cache/org.scala-stm/scala-stm_2.11/jars/scala-stm_2.11-0.7.jar:/Users/paipeng/.ivy2/cache/com.typesafe/config/bundles/config-1.2.1.jar:/Users/paipeng/.ivy2/cache/com.typesafe.play/play-json_2.11/jars/play-json_2.11-2.3.8.jar:/Users/paipeng/.ivy2/cache/com.typesafe.play/play-functional_2.11/jars/play-functional_2.11-2.3.8.jar:/Users/paipeng/.ivy2/cache/com.typesafe.play/play-datacommons_2.11/jars/play-datacommons_2.11-2.3.8.jar:/Users/paipeng/.ivy2/cache/joda-time/joda-time/jars/joda-time-2.3.jar:/Users/paipeng/.ivy2/cache/org.joda/joda-convert/jars/joda-convert-1.6.jar:/Users/paipeng/.ivy2/cache/com.fasterxml.jackson.core/jackson-annotations/bundles/jackson-annotations-2.3.2.jar:/Users/paipeng/.ivy2/cache/org.scala-lang/scala-reflect/jars/scala-reflect-2.11.1.jar:/Users/paipeng/.ivy2/cache/org.scala-lang.modules/scala-parser-combinators_2.11/bundles/scala-parser-combinators_2.11-1.0.1.jar:/Users/paipeng/.ivy2/cache/io.netty/netty/bundles/netty-3.9.3.Final.jar:/Users/paipeng/.ivy2/cache/com.typesafe.netty/netty-http-pipelining/jars/netty-http-pipelining-1.1.2.jar:/Users/paipeng/.ivy2/cache/org.slf4j/jul-to-slf4j/jars/jul-to-slf4j-1.7.6.jar:/Users/paipeng/.ivy2/cache/org.slf4j/jcl-over-slf4j/jars/jcl-over-slf4j-1.7.6.jar:/Users/paipeng/.ivy2/cache/ch.qos.logback/logback-core/jars/logback-core-1.1.1.jar:/Users/paipeng/.ivy2/cache/ch.qos.logback/logback-classic/jars/logback-classic-1.1.1.jar:/Users/paipeng/.ivy2/cache/com.typesafe.akka/akka-actor_2.11/jars/akka-actor_2.11-2.3.4.jar:/Users/paipeng/.ivy2/cache/com.typesafe.akka/akka-slf4j_2.11/jars/akka-slf4j_2.11-2.3.4.jar:/Users/paipeng/.ivy2/cache/commons-codec/commons-codec/jars/commons-codec-1.9.jar:/Users/paipeng/.ivy2/cache/xerces/xercesImpl/jars/xercesImpl-2.11.0.jar:/Users/paipeng/.ivy2/cache/xml-apis/xml-apis/jars/xml-apis-1.4.01.jar:/Users/paipeng/.ivy2/cache/javax.transaction/jta/jars/jta-1.1.jar:/Users/paipeng/.ivy2/cache/org.webjars/webjars-play_2.11/jars/webjars-play_2.11-2.3.0-2.jar:/Users/paipeng/.ivy2/cache/org.webjars/requirejs/jars/requirejs-2.1.10.jar:/Users/paipeng/.ivy2/cache/org.webjars/webjars-locator/jars/webjars-locator-0.19.jar:/Users/paipeng/.ivy2/cache/org.slf4j/slf4j-api/jars/slf4j-api-1.7.7.jar:/Users/paipeng/.ivy2/cache/com.fasterxml.jackson.core/jackson-databind/bundles/jackson-databind-2.3.3.jar:/Users/paipeng/.ivy2/cache/com.fasterxml.jackson.core/jackson-core/bundles/jackson-core-2.3.3.jar:/Users/paipeng/.ivy2/cache/com.typesafe.play/play-slick_2.11/jars/play-slick_2.11-0.8.1.jar:/Users/paipeng/.ivy2/cache/com.typesafe.play/play-jdbc_2.11/jars/play-jdbc_2.11-2.3.4.jar:/Users/paipeng/.ivy2/cache/com.jolbox/bonecp/bundles/bonecp-0.8.0.RELEASE.jar:/Users/paipeng/.ivy2/cache/com.google.guava/guava/bundles/guava-15.0.jar:/Users/paipeng/.ivy2/cache/com.h2database/h2/jars/h2-1.3.175.jar:/Users/paipeng/.ivy2/cache/tyrex/tyrex/jars/tyrex-1.0.1.jar:/Users/paipeng/.ivy2/cache/com.typesafe.slick/slick_2.11/bundles/slick_2.11-2.1.0.jar:/Users/paipeng/.ivy2/cache/javax.servlet/javax.servlet-api/jars/javax.servlet-api-3.0.1.jar:/Users/paipeng/.ivy2/cache/com.google.code.findbugs/jsr305/jars/jsr305-2.0.1.jar:/Users/paipeng/.ivy2/cache/org.reflections/reflections/jars/reflections-0.9.8.jar:/Users/paipeng/.ivy2/cache/dom4j/dom4j/jars/dom4j-1.6.1.jar:/Users/paipeng/.ivy2/cache/mysql/mysql-connector-java/jars/mysql-connector-java-5.1.18.jar
Read from stdout: /Volumes/SSD128/AM/Scala/workspace/play-slick-quickstart/app/controllers/Application.scala:120: ')' expected but '}' found.
/Volumes/SSD128/AM/Scala/workspace/play-slick-quickstart/app/controllers/Application.scala:120: ')' expected but '}' found.
Read from stdout: }
  }
Read from stdout: ^
  ^
Read from stdout: one error found
one error found
Compilation failed (CompilerInterface)
Read from stdout: (compile:compileIncremental) Compilation failed
(compile:compileIncremental) Compilation failed
Total time: 1 s, completed 14.08.2015 11:04:54
> server-post-command-error-handler
> server-post-command-cleanup
> server-handle-next-server-request
> compile
Evaluating tasks: compile:compile
Running task... Cancel: sbt.server.ServerTaskCancellation@5f4f7f40, check cycles: false

Initial source changes: 
	removed:Set()
	added: Set()
	modified: Set(/Volumes/SSD128/AM/Scala/workspace/play-slick-quickstart/app/controllers/Application.scala, /Volumes/SSD128/AM/Scala/workspace/play-slick-quickstart/app/models/IPToken.scala)
Removed products: Set()
External API changes: API Changes: Set()
Modified binary dependencies: Set()
Initial directly invalidated sources: Set(/Volumes/SSD128/AM/Scala/workspace/play-slick-quickstart/app/controllers/Application.scala, /Volumes/SSD128/AM/Scala/workspace/play-slick-quickstart/app/models/IPToken.scala)

Sources indirectly invalidated by:
	product: Set()
	binary dep: Set()
	external source: Set()
All initially invalidated sources: Set(/Volumes/SSD128/AM/Scala/workspace/play-slick-quickstart/app/controllers/Application.scala, /Volumes/SSD128/AM/Scala/workspace/play-slick-quickstart/app/models/IPToken.scala)

Read from stdout: Compiling 2 Scala sources to /Volumes/SSD128/AM/Scala/workspace/play-slick-quickstart/target/scala-2.11/classes...
Compiling 2 Scala sources to /Volumes/SSD128/AM/Scala/workspace/play-slick-quickstart/target/scala-2.11/classes...
Getting compiler-interface from component compiler for Scala 2.11.5
Other repositories:
Default repositories:
Getting compiler-interface from component compiler for Scala 2.11.5
Other repositories:
Default repositories:
Running cached compiler 22c10937, interfacing (CompilerInterface) with Scala compiler version 2.11.5
Calling Scala compiler with arguments  (CompilerInterface):
	-deprecation
	-unchecked
	-encoding
	utf8
	-bootclasspath
	/Library/Java/JavaVirtualMachines/jdk1.8.0_45.jdk/Contents/Home/jre/lib/resources.jar:/Library/Java/JavaVirtualMachines/jdk1.8.0_45.jdk/Contents/Home/jre/lib/rt.jar:/Library/Java/JavaVirtualMachines/jdk1.8.0_45.jdk/Contents/Home/jre/lib/sunrsasign.jar:/Library/Java/JavaVirtualMachines/jdk1.8.0_45.jdk/Contents/Home/jre/lib/jsse.jar:/Library/Java/JavaVirtualMachines/jdk1.8.0_45.jdk/Contents/Home/jre/lib/jce.jar:/Library/Java/JavaVirtualMachines/jdk1.8.0_45.jdk/Contents/Home/jre/lib/charsets.jar:/Library/Java/JavaVirtualMachines/jdk1.8.0_45.jdk/Contents/Home/jre/lib/jfr.jar:/Library/Java/JavaVirtualMachines/jdk1.8.0_45.jdk/Contents/Home/jre/classes:/Users/paipeng/.ivy2/cache/org.scala-lang/scala-library/jars/scala-library-2.11.5.jar
	-classpath
	/Volumes/SSD128/AM/Scala/workspace/play-slick-quickstart/target/scala-2.11/classes:/Users/paipeng/.ivy2/cache/com.typesafe.play/twirl-api_2.11/jars/twirl-api_2.11-1.0.2.jar:/Users/paipeng/.ivy2/cache/org.apache.commons/commons-lang3/jars/commons-lang3-3.1.jar:/Users/paipeng/.ivy2/cache/org.scala-lang.modules/scala-xml_2.11/bundles/scala-xml_2.11-1.0.1.jar:/Users/paipeng/.ivy2/cache/com.typesafe.play/play_2.11/jars/play_2.11-2.3.8.jar:/Users/paipeng/.ivy2/cache/com.typesafe.play/build-link/jars/build-link-2.3.8.jar:/Users/paipeng/.ivy2/cache/com.typesafe.play/play-exceptions/jars/play-exceptions-2.3.8.jar:/Users/paipeng/.ivy2/cache/org.javassist/javassist/bundles/javassist-3.18.2-GA.jar:/Users/paipeng/.ivy2/cache/com.typesafe.play/play-iteratees_2.11/jars/play-iteratees_2.11-2.3.8.jar:/Users/paipeng/.ivy2/cache/org.scala-stm/scala-stm_2.11/jars/scala-stm_2.11-0.7.jar:/Users/paipeng/.ivy2/cache/com.typesafe/config/bundles/config-1.2.1.jar:/Users/paipeng/.ivy2/cache/com.typesafe.play/play-json_2.11/jars/play-json_2.11-2.3.8.jar:/Users/paipeng/.ivy2/cache/com.typesafe.play/play-functional_2.11/jars/play-functional_2.11-2.3.8.jar:/Users/paipeng/.ivy2/cache/com.typesafe.play/play-datacommons_2.11/jars/play-datacommons_2.11-2.3.8.jar:/Users/paipeng/.ivy2/cache/joda-time/joda-time/jars/joda-time-2.3.jar:/Users/paipeng/.ivy2/cache/org.joda/joda-convert/jars/joda-convert-1.6.jar:/Users/paipeng/.ivy2/cache/com.fasterxml.jackson.core/jackson-annotations/bundles/jackson-annotations-2.3.2.jar:/Users/paipeng/.ivy2/cache/org.scala-lang/scala-reflect/jars/scala-reflect-2.11.1.jar:/Users/paipeng/.ivy2/cache/org.scala-lang.modules/scala-parser-combinators_2.11/bundles/scala-parser-combinators_2.11-1.0.1.jar:/Users/paipeng/.ivy2/cache/io.netty/netty/bundles/netty-3.9.3.Final.jar:/Users/paipeng/.ivy2/cache/com.typesafe.netty/netty-http-pipelining/jars/netty-http-pipelining-1.1.2.jar:/Users/paipeng/.ivy2/cache/org.slf4j/jul-to-slf4j/jars/jul-to-slf4j-1.7.6.jar:/Users/paipeng/.ivy2/cache/org.slf4j/jcl-over-slf4j/jars/jcl-over-slf4j-1.7.6.jar:/Users/paipeng/.ivy2/cache/ch.qos.logback/logback-core/jars/logback-core-1.1.1.jar:/Users/paipeng/.ivy2/cache/ch.qos.logback/logback-classic/jars/logback-classic-1.1.1.jar:/Users/paipeng/.ivy2/cache/com.typesafe.akka/akka-actor_2.11/jars/akka-actor_2.11-2.3.4.jar:/Users/paipeng/.ivy2/cache/com.typesafe.akka/akka-slf4j_2.11/jars/akka-slf4j_2.11-2.3.4.jar:/Users/paipeng/.ivy2/cache/commons-codec/commons-codec/jars/commons-codec-1.9.jar:/Users/paipeng/.ivy2/cache/xerces/xercesImpl/jars/xercesImpl-2.11.0.jar:/Users/paipeng/.ivy2/cache/xml-apis/xml-apis/jars/xml-apis-1.4.01.jar:/Users/paipeng/.ivy2/cache/javax.transaction/jta/jars/jta-1.1.jar:/Users/paipeng/.ivy2/cache/org.webjars/webjars-play_2.11/jars/webjars-play_2.11-2.3.0-2.jar:/Users/paipeng/.ivy2/cache/org.webjars/requirejs/jars/requirejs-2.1.10.jar:/Users/paipeng/.ivy2/cache/org.webjars/webjars-locator/jars/webjars-locator-0.19.jar:/Users/paipeng/.ivy2/cache/org.slf4j/slf4j-api/jars/slf4j-api-1.7.7.jar:/Users/paipeng/.ivy2/cache/com.fasterxml.jackson.core/jackson-databind/bundles/jackson-databind-2.3.3.jar:/Users/paipeng/.ivy2/cache/com.fasterxml.jackson.core/jackson-core/bundles/jackson-core-2.3.3.jar:/Users/paipeng/.ivy2/cache/com.typesafe.play/play-slick_2.11/jars/play-slick_2.11-0.8.1.jar:/Users/paipeng/.ivy2/cache/com.typesafe.play/play-jdbc_2.11/jars/play-jdbc_2.11-2.3.4.jar:/Users/paipeng/.ivy2/cache/com.jolbox/bonecp/bundles/bonecp-0.8.0.RELEASE.jar:/Users/paipeng/.ivy2/cache/com.google.guava/guava/bundles/guava-15.0.jar:/Users/paipeng/.ivy2/cache/com.h2database/h2/jars/h2-1.3.175.jar:/Users/paipeng/.ivy2/cache/tyrex/tyrex/jars/tyrex-1.0.1.jar:/Users/paipeng/.ivy2/cache/com.typesafe.slick/slick_2.11/bundles/slick_2.11-2.1.0.jar:/Users/paipeng/.ivy2/cache/javax.servlet/javax.servlet-api/jars/javax.servlet-api-3.0.1.jar:/Users/paipeng/.ivy2/cache/com.google.code.findbugs/jsr305/jars/jsr305-2.0.1.jar:/Users/paipeng/.ivy2/cache/org.reflections/reflections/jars/reflections-0.9.8.jar:/Users/paipeng/.ivy2/cache/dom4j/dom4j/jars/dom4j-1.6.1.jar:/Users/paipeng/.ivy2/cache/mysql/mysql-connector-java/jars/mysql-connector-java-5.1.18.jar
Scala compilation took 4.149200294 s
Invalidating /Volumes/SSD128/AM/Scala/workspace/play-slick-quickstart/app/models/IPToken.scala...
Invalidating (transitively) by inheritance from /Volumes/SSD128/AM/Scala/workspace/play-slick-quickstart/app/models/IPToken.scala...
Initial set of included nodes: Set(/Volumes/SSD128/AM/Scala/workspace/play-slick-quickstart/app/models/IPToken.scala)
Invalidated by transitive inheritance dependency: Set(/Volumes/SSD128/AM/Scala/workspace/play-slick-quickstart/app/models/IPToken.scala)
The /Volumes/SSD128/AM/Scala/workspace/play-slick-quickstart/app/models/IPToken.scala source file has the following regular definitions changed:
	createdAt, <init>, copy$default$4, copy.
All member reference dependencies will be considered within this context.
The following modified names cause invalidation of /Volumes/SSD128/AM/Scala/workspace/play-slick-quickstart/app/controllers/Application.scala: Set(createdAt, <init>)
The following modified names cause invalidation of /Volumes/SSD128/AM/Scala/workspace/play-slick-quickstart/app/models/IPAddress.scala: Set(createdAt, <init>)
New invalidations:
	Set(/Volumes/SSD128/AM/Scala/workspace/play-slick-quickstart/app/controllers/Application.scala, /Volumes/SSD128/AM/Scala/workspace/play-slick-quickstart/app/models/IPAddress.scala)
Initial set of included nodes: Set(/Volumes/SSD128/AM/Scala/workspace/play-slick-quickstart/app/controllers/Application.scala, /Volumes/SSD128/AM/Scala/workspace/play-slick-quickstart/app/models/IPAddress.scala)
Including /Volumes/SSD128/AM/Scala/workspace/play-slick-quickstart/target/scala-2.11/src_managed/main/routes_reverseRouting.scala by /Volumes/SSD128/AM/Scala/workspace/play-slick-quickstart/app/controllers/Application.scala
Including /Volumes/SSD128/AM/Scala/workspace/play-slick-quickstart/target/scala-2.11/twirl/main/views/html/main.template.scala by /Volumes/SSD128/AM/Scala/workspace/play-slick-quickstart/target/scala-2.11/src_managed/main/routes_reverseRouting.scala
Including /Volumes/SSD128/AM/Scala/workspace/play-slick-quickstart/target/scala-2.11/twirl/main/views/html/index.template.scala by /Volumes/SSD128/AM/Scala/workspace/play-slick-quickstart/target/scala-2.11/twirl/main/views/html/main.template.scala
Including /Volumes/SSD128/AM/Scala/workspace/play-slick-quickstart/target/scala-2.11/src_managed/main/routes_routing.scala by /Volumes/SSD128/AM/Scala/workspace/play-slick-quickstart/app/controllers/Application.scala
Previously invalidated, but (transitively) depend on new invalidations:
	Set()
All newly invalidated sources after taking into account (previously) recompiled sources:Set(/Volumes/SSD128/AM/Scala/workspace/play-slick-quickstart/app/models/IPAddress.scala)
Read from stdout: Compiling 2 Scala sources to /Volumes/SSD128/AM/Scala/workspace/play-slick-quickstart/target/scala-2.11/classes...
Compiling 2 Scala sources to /Volumes/SSD128/AM/Scala/workspace/play-slick-quickstart/target/scala-2.11/classes...
Getting compiler-interface from component compiler for Scala 2.11.5
Other repositories:
Default repositories:
Getting compiler-interface from component compiler for Scala 2.11.5
Other repositories:
Default repositories:
Running cached compiler 1216247f, interfacing (CompilerInterface) with Scala compiler version 2.11.5
Calling Scala compiler with arguments  (CompilerInterface):
	-deprecation
	-unchecked
	-encoding
	utf8
	-bootclasspath
	/Library/Java/JavaVirtualMachines/jdk1.8.0_45.jdk/Contents/Home/jre/lib/resources.jar:/Library/Java/JavaVirtualMachines/jdk1.8.0_45.jdk/Contents/Home/jre/lib/rt.jar:/Library/Java/JavaVirtualMachines/jdk1.8.0_45.jdk/Contents/Home/jre/lib/sunrsasign.jar:/Library/Java/JavaVirtualMachines/jdk1.8.0_45.jdk/Contents/Home/jre/lib/jsse.jar:/Library/Java/JavaVirtualMachines/jdk1.8.0_45.jdk/Contents/Home/jre/lib/jce.jar:/Library/Java/JavaVirtualMachines/jdk1.8.0_45.jdk/Contents/Home/jre/lib/charsets.jar:/Library/Java/JavaVirtualMachines/jdk1.8.0_45.jdk/Contents/Home/jre/lib/jfr.jar:/Library/Java/JavaVirtualMachines/jdk1.8.0_45.jdk/Contents/Home/jre/classes:/Users/paipeng/.ivy2/cache/org.scala-lang/scala-library/jars/scala-library-2.11.5.jar
	-classpath
	/Volumes/SSD128/AM/Scala/workspace/play-slick-quickstart/target/scala-2.11/classes:/Users/paipeng/.ivy2/cache/com.typesafe.play/twirl-api_2.11/jars/twirl-api_2.11-1.0.2.jar:/Users/paipeng/.ivy2/cache/org.apache.commons/commons-lang3/jars/commons-lang3-3.1.jar:/Users/paipeng/.ivy2/cache/org.scala-lang.modules/scala-xml_2.11/bundles/scala-xml_2.11-1.0.1.jar:/Users/paipeng/.ivy2/cache/com.typesafe.play/play_2.11/jars/play_2.11-2.3.8.jar:/Users/paipeng/.ivy2/cache/com.typesafe.play/build-link/jars/build-link-2.3.8.jar:/Users/paipeng/.ivy2/cache/com.typesafe.play/play-exceptions/jars/play-exceptions-2.3.8.jar:/Users/paipeng/.ivy2/cache/org.javassist/javassist/bundles/javassist-3.18.2-GA.jar:/Users/paipeng/.ivy2/cache/com.typesafe.play/play-iteratees_2.11/jars/play-iteratees_2.11-2.3.8.jar:/Users/paipeng/.ivy2/cache/org.scala-stm/scala-stm_2.11/jars/scala-stm_2.11-0.7.jar:/Users/paipeng/.ivy2/cache/com.typesafe/config/bundles/config-1.2.1.jar:/Users/paipeng/.ivy2/cache/com.typesafe.play/play-json_2.11/jars/play-json_2.11-2.3.8.jar:/Users/paipeng/.ivy2/cache/com.typesafe.play/play-functional_2.11/jars/play-functional_2.11-2.3.8.jar:/Users/paipeng/.ivy2/cache/com.typesafe.play/play-datacommons_2.11/jars/play-datacommons_2.11-2.3.8.jar:/Users/paipeng/.ivy2/cache/joda-time/joda-time/jars/joda-time-2.3.jar:/Users/paipeng/.ivy2/cache/org.joda/joda-convert/jars/joda-convert-1.6.jar:/Users/paipeng/.ivy2/cache/com.fasterxml.jackson.core/jackson-annotations/bundles/jackson-annotations-2.3.2.jar:/Users/paipeng/.ivy2/cache/org.scala-lang/scala-reflect/jars/scala-reflect-2.11.1.jar:/Users/paipeng/.ivy2/cache/org.scala-lang.modules/scala-parser-combinators_2.11/bundles/scala-parser-combinators_2.11-1.0.1.jar:/Users/paipeng/.ivy2/cache/io.netty/netty/bundles/netty-3.9.3.Final.jar:/Users/paipeng/.ivy2/cache/com.typesafe.netty/netty-http-pipelining/jars/netty-http-pipelining-1.1.2.jar:/Users/paipeng/.ivy2/cache/org.slf4j/jul-to-slf4j/jars/jul-to-slf4j-1.7.6.jar:/Users/paipeng/.ivy2/cache/org.slf4j/jcl-over-slf4j/jars/jcl-over-slf4j-1.7.6.jar:/Users/paipeng/.ivy2/cache/ch.qos.logback/logback-core/jars/logback-core-1.1.1.jar:/Users/paipeng/.ivy2/cache/ch.qos.logback/logback-classic/jars/logback-classic-1.1.1.jar:/Users/paipeng/.ivy2/cache/com.typesafe.akka/akka-actor_2.11/jars/akka-actor_2.11-2.3.4.jar:/Users/paipeng/.ivy2/cache/com.typesafe.akka/akka-slf4j_2.11/jars/akka-slf4j_2.11-2.3.4.jar:/Users/paipeng/.ivy2/cache/commons-codec/commons-codec/jars/commons-codec-1.9.jar:/Users/paipeng/.ivy2/cache/xerces/xercesImpl/jars/xercesImpl-2.11.0.jar:/Users/paipeng/.ivy2/cache/xml-apis/xml-apis/jars/xml-apis-1.4.01.jar:/Users/paipeng/.ivy2/cache/javax.transaction/jta/jars/jta-1.1.jar:/Users/paipeng/.ivy2/cache/org.webjars/webjars-play_2.11/jars/webjars-play_2.11-2.3.0-2.jar:/Users/paipeng/.ivy2/cache/org.webjars/requirejs/jars/requirejs-2.1.10.jar:/Users/paipeng/.ivy2/cache/org.webjars/webjars-locator/jars/webjars-locator-0.19.jar:/Users/paipeng/.ivy2/cache/org.slf4j/slf4j-api/jars/slf4j-api-1.7.7.jar:/Users/paipeng/.ivy2/cache/com.fasterxml.jackson.core/jackson-databind/bundles/jackson-databind-2.3.3.jar:/Users/paipeng/.ivy2/cache/com.fasterxml.jackson.core/jackson-core/bundles/jackson-core-2.3.3.jar:/Users/paipeng/.ivy2/cache/com.typesafe.play/play-slick_2.11/jars/play-slick_2.11-0.8.1.jar:/Users/paipeng/.ivy2/cache/com.typesafe.play/play-jdbc_2.11/jars/play-jdbc_2.11-2.3.4.jar:/Users/paipeng/.ivy2/cache/com.jolbox/bonecp/bundles/bonecp-0.8.0.RELEASE.jar:/Users/paipeng/.ivy2/cache/com.google.guava/guava/bundles/guava-15.0.jar:/Users/paipeng/.ivy2/cache/com.h2database/h2/jars/h2-1.3.175.jar:/Users/paipeng/.ivy2/cache/tyrex/tyrex/jars/tyrex-1.0.1.jar:/Users/paipeng/.ivy2/cache/com.typesafe.slick/slick_2.11/bundles/slick_2.11-2.1.0.jar:/Users/paipeng/.ivy2/cache/javax.servlet/javax.servlet-api/jars/javax.servlet-api-3.0.1.jar:/Users/paipeng/.ivy2/cache/com.google.code.findbugs/jsr305/jars/jsr305-2.0.1.jar:/Users/paipeng/.ivy2/cache/org.reflections/reflections/jars/reflections-0.9.8.jar:/Users/paipeng/.ivy2/cache/dom4j/dom4j/jars/dom4j-1.6.1.jar:/Users/paipeng/.ivy2/cache/mysql/mysql-connector-java/jars/mysql-connector-java-5.1.18.jar
Scala compilation took 3.736315971 s
New invalidations:
	Set()
Initial set of included nodes: Set()
Previously invalidated, but (transitively) depend on new invalidations:
	Set()
All newly invalidated sources after taking into account (previously) recompiled sources:Set()
Total time: 9 s, completed 14.08.2015 11:05:08
> server-post-command-cleanup
> server-handle-next-server-request
> {file:/Volumes/SSD128/AM/Scala/workspace/play-slick-quickstart/}root/*:playForkReload
Evaluating tasks: *:playForkReload
Running task... Cancel: sbt.server.ServerTaskCancellation@5e580614, check cycles: false

Initial source changes: 
	removed:Set()
	added: Set()
	modified: Set()
Removed products: Set()
External API changes: API Changes: Set()
Modified binary dependencies: Set()
Initial directly invalidated sources: Set()

Sources indirectly invalidated by:
	product: Set()
	binary dep: Set()
	external source: Set()
All initially invalidated sources: Set()

Copy resource mappings: 
	(/Volumes/SSD128/AM/Scala/workspace/play-slick-quickstart/conf/application.conf,/Volumes/SSD128/AM/Scala/workspace/play-slick-quickstart/target/scala-2.11/classes/application.conf)
	(/Volumes/SSD128/AM/Scala/workspace/play-slick-quickstart/conf/evolutions,/Volumes/SSD128/AM/Scala/workspace/play-slick-quickstart/target/scala-2.11/classes/evolutions)
	(/Volumes/SSD128/AM/Scala/workspace/play-slick-quickstart/conf/routes,/Volumes/SSD128/AM/Scala/workspace/play-slick-quickstart/target/scala-2.11/classes/routes)
	(/Volumes/SSD128/AM/Scala/workspace/play-slick-quickstart/conf/evolutions/default,/Volumes/SSD128/AM/Scala/workspace/play-slick-quickstart/target/scala-2.11/classes/evolutions/default)
	(/Volumes/SSD128/AM/Scala/workspace/play-slick-quickstart/conf/evolutions/default/1.sql,/Volumes/SSD128/AM/Scala/workspace/play-slick-quickstart/target/scala-2.11/classes/evolutions/default/1.sql)
Total time: 1 s, completed 14.08.2015 11:05:50
> server-post-command-cleanup
> server-handle-next-server-request
> {file:/Volumes/SSD128/AM/Scala/workspace/play-slick-quickstart/}root/*:playForkReload
Evaluating tasks: *:playForkReload
Running task... Cancel: sbt.server.ServerTaskCancellation@260f1572, check cycles: false

Initial source changes: 
	removed:Set()
	added: Set()
	modified: Set()
Removed products: Set()
External API changes: API Changes: Set()
Modified binary dependencies: Set()
Initial directly invalidated sources: Set()

Sources indirectly invalidated by:
	product: Set()
	binary dep: Set()
	external source: Set()
All initially invalidated sources: Set()

Copy resource mappings: 
	(/Volumes/SSD128/AM/Scala/workspace/play-slick-quickstart/conf/application.conf,/Volumes/SSD128/AM/Scala/workspace/play-slick-quickstart/target/scala-2.11/classes/application.conf)
	(/Volumes/SSD128/AM/Scala/workspace/play-slick-quickstart/conf/evolutions,/Volumes/SSD128/AM/Scala/workspace/play-slick-quickstart/target/scala-2.11/classes/evolutions)
	(/Volumes/SSD128/AM/Scala/workspace/play-slick-quickstart/conf/routes,/Volumes/SSD128/AM/Scala/workspace/play-slick-quickstart/target/scala-2.11/classes/routes)
	(/Volumes/SSD128/AM/Scala/workspace/play-slick-quickstart/conf/evolutions/default,/Volumes/SSD128/AM/Scala/workspace/play-slick-quickstart/target/scala-2.11/classes/evolutions/default)
	(/Volumes/SSD128/AM/Scala/workspace/play-slick-quickstart/conf/evolutions/default/1.sql,/Volumes/SSD128/AM/Scala/workspace/play-slick-quickstart/target/scala-2.11/classes/evolutions/default/1.sql)
Total time: 1 s, completed 14.08.2015 11:05:55
> server-post-command-cleanup
> server-handle-next-server-request
> compile
Evaluating tasks: compile:compile
Running task... Cancel: sbt.server.ServerTaskCancellation@4e56254b, check cycles: false

Initial source changes: 
	removed:Set()
	added: Set()
	modified: Set(/Volumes/SSD128/AM/Scala/workspace/play-slick-quickstart/app/controllers/Application.scala)
Removed products: Set()
External API changes: API Changes: Set()
Modified binary dependencies: Set()
Initial directly invalidated sources: Set(/Volumes/SSD128/AM/Scala/workspace/play-slick-quickstart/app/controllers/Application.scala)

Sources indirectly invalidated by:
	product: Set()
	binary dep: Set()
	external source: Set()
All initially invalidated sources: Set(/Volumes/SSD128/AM/Scala/workspace/play-slick-quickstart/app/controllers/Application.scala)

Read from stdout: Compiling 1 Scala source to /Volumes/SSD128/AM/Scala/workspace/play-slick-quickstart/target/scala-2.11/classes...
Compiling 1 Scala source to /Volumes/SSD128/AM/Scala/workspace/play-slick-quickstart/target/scala-2.11/classes...
Getting compiler-interface from component compiler for Scala 2.11.5
Other repositories:
Default repositories:
Getting compiler-interface from component compiler for Scala 2.11.5
Other repositories:
Default repositories:
Running cached compiler 63e3f783, interfacing (CompilerInterface) with Scala compiler version 2.11.5
Calling Scala compiler with arguments  (CompilerInterface):
	-deprecation
	-unchecked
	-encoding
	utf8
	-bootclasspath
	/Library/Java/JavaVirtualMachines/jdk1.8.0_45.jdk/Contents/Home/jre/lib/resources.jar:/Library/Java/JavaVirtualMachines/jdk1.8.0_45.jdk/Contents/Home/jre/lib/rt.jar:/Library/Java/JavaVirtualMachines/jdk1.8.0_45.jdk/Contents/Home/jre/lib/sunrsasign.jar:/Library/Java/JavaVirtualMachines/jdk1.8.0_45.jdk/Contents/Home/jre/lib/jsse.jar:/Library/Java/JavaVirtualMachines/jdk1.8.0_45.jdk/Contents/Home/jre/lib/jce.jar:/Library/Java/JavaVirtualMachines/jdk1.8.0_45.jdk/Contents/Home/jre/lib/charsets.jar:/Library/Java/JavaVirtualMachines/jdk1.8.0_45.jdk/Contents/Home/jre/lib/jfr.jar:/Library/Java/JavaVirtualMachines/jdk1.8.0_45.jdk/Contents/Home/jre/classes:/Users/paipeng/.ivy2/cache/org.scala-lang/scala-library/jars/scala-library-2.11.5.jar
	-classpath
	/Volumes/SSD128/AM/Scala/workspace/play-slick-quickstart/target/scala-2.11/classes:/Users/paipeng/.ivy2/cache/com.typesafe.play/twirl-api_2.11/jars/twirl-api_2.11-1.0.2.jar:/Users/paipeng/.ivy2/cache/org.apache.commons/commons-lang3/jars/commons-lang3-3.1.jar:/Users/paipeng/.ivy2/cache/org.scala-lang.modules/scala-xml_2.11/bundles/scala-xml_2.11-1.0.1.jar:/Users/paipeng/.ivy2/cache/com.typesafe.play/play_2.11/jars/play_2.11-2.3.8.jar:/Users/paipeng/.ivy2/cache/com.typesafe.play/build-link/jars/build-link-2.3.8.jar:/Users/paipeng/.ivy2/cache/com.typesafe.play/play-exceptions/jars/play-exceptions-2.3.8.jar:/Users/paipeng/.ivy2/cache/org.javassist/javassist/bundles/javassist-3.18.2-GA.jar:/Users/paipeng/.ivy2/cache/com.typesafe.play/play-iteratees_2.11/jars/play-iteratees_2.11-2.3.8.jar:/Users/paipeng/.ivy2/cache/org.scala-stm/scala-stm_2.11/jars/scala-stm_2.11-0.7.jar:/Users/paipeng/.ivy2/cache/com.typesafe/config/bundles/config-1.2.1.jar:/Users/paipeng/.ivy2/cache/com.typesafe.play/play-json_2.11/jars/play-json_2.11-2.3.8.jar:/Users/paipeng/.ivy2/cache/com.typesafe.play/play-functional_2.11/jars/play-functional_2.11-2.3.8.jar:/Users/paipeng/.ivy2/cache/com.typesafe.play/play-datacommons_2.11/jars/play-datacommons_2.11-2.3.8.jar:/Users/paipeng/.ivy2/cache/joda-time/joda-time/jars/joda-time-2.3.jar:/Users/paipeng/.ivy2/cache/org.joda/joda-convert/jars/joda-convert-1.6.jar:/Users/paipeng/.ivy2/cache/com.fasterxml.jackson.core/jackson-annotations/bundles/jackson-annotations-2.3.2.jar:/Users/paipeng/.ivy2/cache/org.scala-lang/scala-reflect/jars/scala-reflect-2.11.1.jar:/Users/paipeng/.ivy2/cache/org.scala-lang.modules/scala-parser-combinators_2.11/bundles/scala-parser-combinators_2.11-1.0.1.jar:/Users/paipeng/.ivy2/cache/io.netty/netty/bundles/netty-3.9.3.Final.jar:/Users/paipeng/.ivy2/cache/com.typesafe.netty/netty-http-pipelining/jars/netty-http-pipelining-1.1.2.jar:/Users/paipeng/.ivy2/cache/org.slf4j/jul-to-slf4j/jars/jul-to-slf4j-1.7.6.jar:/Users/paipeng/.ivy2/cache/org.slf4j/jcl-over-slf4j/jars/jcl-over-slf4j-1.7.6.jar:/Users/paipeng/.ivy2/cache/ch.qos.logback/logback-core/jars/logback-core-1.1.1.jar:/Users/paipeng/.ivy2/cache/ch.qos.logback/logback-classic/jars/logback-classic-1.1.1.jar:/Users/paipeng/.ivy2/cache/com.typesafe.akka/akka-actor_2.11/jars/akka-actor_2.11-2.3.4.jar:/Users/paipeng/.ivy2/cache/com.typesafe.akka/akka-slf4j_2.11/jars/akka-slf4j_2.11-2.3.4.jar:/Users/paipeng/.ivy2/cache/commons-codec/commons-codec/jars/commons-codec-1.9.jar:/Users/paipeng/.ivy2/cache/xerces/xercesImpl/jars/xercesImpl-2.11.0.jar:/Users/paipeng/.ivy2/cache/xml-apis/xml-apis/jars/xml-apis-1.4.01.jar:/Users/paipeng/.ivy2/cache/javax.transaction/jta/jars/jta-1.1.jar:/Users/paipeng/.ivy2/cache/org.webjars/webjars-play_2.11/jars/webjars-play_2.11-2.3.0-2.jar:/Users/paipeng/.ivy2/cache/org.webjars/requirejs/jars/requirejs-2.1.10.jar:/Users/paipeng/.ivy2/cache/org.webjars/webjars-locator/jars/webjars-locator-0.19.jar:/Users/paipeng/.ivy2/cache/org.slf4j/slf4j-api/jars/slf4j-api-1.7.7.jar:/Users/paipeng/.ivy2/cache/com.fasterxml.jackson.core/jackson-databind/bundles/jackson-databind-2.3.3.jar:/Users/paipeng/.ivy2/cache/com.fasterxml.jackson.core/jackson-core/bundles/jackson-core-2.3.3.jar:/Users/paipeng/.ivy2/cache/com.typesafe.play/play-slick_2.11/jars/play-slick_2.11-0.8.1.jar:/Users/paipeng/.ivy2/cache/com.typesafe.play/play-jdbc_2.11/jars/play-jdbc_2.11-2.3.4.jar:/Users/paipeng/.ivy2/cache/com.jolbox/bonecp/bundles/bonecp-0.8.0.RELEASE.jar:/Users/paipeng/.ivy2/cache/com.google.guava/guava/bundles/guava-15.0.jar:/Users/paipeng/.ivy2/cache/com.h2database/h2/jars/h2-1.3.175.jar:/Users/paipeng/.ivy2/cache/tyrex/tyrex/jars/tyrex-1.0.1.jar:/Users/paipeng/.ivy2/cache/com.typesafe.slick/slick_2.11/bundles/slick_2.11-2.1.0.jar:/Users/paipeng/.ivy2/cache/javax.servlet/javax.servlet-api/jars/javax.servlet-api-3.0.1.jar:/Users/paipeng/.ivy2/cache/com.google.code.findbugs/jsr305/jars/jsr305-2.0.1.jar:/Users/paipeng/.ivy2/cache/org.reflections/reflections/jars/reflections-0.9.8.jar:/Users/paipeng/.ivy2/cache/dom4j/dom4j/jars/dom4j-1.6.1.jar:/Users/paipeng/.ivy2/cache/mysql/mysql-connector-java/jars/mysql-connector-java-5.1.18.jar
Scala compilation took 2.775381602 s
New invalidations:
	Set()
Initial set of included nodes: Set()
Previously invalidated, but (transitively) depend on new invalidations:
	Set()
All newly invalidated sources after taking into account (previously) recompiled sources:Set()
Total time: 3 s, completed 14.08.2015 11:10:01
> server-post-command-cleanup
> server-handle-next-server-request
> {file:/Volumes/SSD128/AM/Scala/workspace/play-slick-quickstart/}root/*:playForkReload
Evaluating tasks: *:playForkReload
Running task... Cancel: sbt.server.ServerTaskCancellation@7ec97038, check cycles: false

Initial source changes: 
	removed:Set()
	added: Set()
	modified: Set()
Removed products: Set()
External API changes: API Changes: Set()
Modified binary dependencies: Set()
Initial directly invalidated sources: Set()

Sources indirectly invalidated by:
	product: Set()
	binary dep: Set()
	external source: Set()
All initially invalidated sources: Set()

Copy resource mappings: 
	(/Volumes/SSD128/AM/Scala/workspace/play-slick-quickstart/conf/application.conf,/Volumes/SSD128/AM/Scala/workspace/play-slick-quickstart/target/scala-2.11/classes/application.conf)
	(/Volumes/SSD128/AM/Scala/workspace/play-slick-quickstart/conf/evolutions,/Volumes/SSD128/AM/Scala/workspace/play-slick-quickstart/target/scala-2.11/classes/evolutions)
	(/Volumes/SSD128/AM/Scala/workspace/play-slick-quickstart/conf/routes,/Volumes/SSD128/AM/Scala/workspace/play-slick-quickstart/target/scala-2.11/classes/routes)
	(/Volumes/SSD128/AM/Scala/workspace/play-slick-quickstart/conf/evolutions/default,/Volumes/SSD128/AM/Scala/workspace/play-slick-quickstart/target/scala-2.11/classes/evolutions/default)
	(/Volumes/SSD128/AM/Scala/workspace/play-slick-quickstart/conf/evolutions/default/1.sql,/Volumes/SSD128/AM/Scala/workspace/play-slick-quickstart/target/scala-2.11/classes/evolutions/default/1.sql)
Total time: 1 s, completed 14.08.2015 11:10:14
> server-post-command-cleanup
> server-handle-next-server-request
