New log file opened at Thu Aug 13 09:58:05 CEST 2015 by 1195@Pais-Air.fritz.box
jvm 1195@Pais-Air.fritz.box
jvm vmName=Java HotSpot(TM) 64-Bit Server VM vmVendor=Oracle Corporation vmVersion=25.45-b02
jvm specName=Java Virtual Machine Specification specVendor=Oracle Corporation specVersion=1.8
jvm arguments: [-Xms256m, -Xmx1024m, -XX:MetaspaceSize=64m, -XX:MaxMetaspaceSize=256m]
Starting event engine
Starting sbt command engine
Command engine arguments=List()
Command engine baseDirectory=/Volumes/SSD128/AM/Scala/workspace/play-slick-quickstart
Waiting for sbt command engine
Command engine initial remaining commands List(--initialize, onFailure load-failed, boot, server-send-ready-for-request, server-handle-next-server-request)
> --initialize
> initialize
> onFailure load-failed
> boot
> reload
[Loading] Scanning directory /Volumes/SSD128/AM/Scala/workspace/play-slick-quickstart/project
[Loading] Found non-root projects 
[Loading] Done in /Volumes/SSD128/AM/Scala/workspace/play-slick-quickstart/project, returning: ()
deducing auto plugins based on known facts Set(Atom(sbt.plugins.CorePlugin)) and clauses Clauses(List(Clause(Atom(sbt.plugins.JvmPlugin),Set(Atom(sbt.plugins.IvyPlugin))), Clause(Atom(sbt.plugins.JUnitXmlReportPlugin),Set(Atom(sbt.plugins.JvmPlugin))), Clause(Atom(sbt.plugins.CorePlugin),Set(Atom(sbt.plugins.IvyPlugin))), Clause(Atom(sbt.plugins.IvyPlugin),Set(Atom(sbt.plugins.JvmPlugin))), Clause(Atom(sbt.plugins.JvmPlugin),Set(Atom(sbt.plugins.JUnitXmlReportPlugin)))))
  :: deduced result: Matched(sbt.plugins.CorePlugin,sbt.plugins.IvyPlugin,sbt.plugins.JvmPlugin,sbt.plugins.JUnitXmlReportPlugin)
sorting: ns: List(sbt.plugins.CorePlugin, sbt.plugins.IvyPlugin, sbt.plugins.JvmPlugin, sbt.plugins.JUnitXmlReportPlugin)
  :: sorting:: found: List(sbt.plugins.CorePlugin) not found List(sbt.plugins.IvyPlugin, sbt.plugins.JvmPlugin, sbt.plugins.JUnitXmlReportPlugin)
  :: sorting:: found: List(sbt.plugins.CorePlugin, sbt.plugins.IvyPlugin) not found List(sbt.plugins.JvmPlugin, sbt.plugins.JUnitXmlReportPlugin)
  :: sorting:: found: List(sbt.plugins.CorePlugin, sbt.plugins.IvyPlugin, sbt.plugins.JvmPlugin) not found List(sbt.plugins.JUnitXmlReportPlugin)
  :: sorting:: found: List(sbt.plugins.CorePlugin, sbt.plugins.IvyPlugin, sbt.plugins.JvmPlugin, sbt.plugins.JUnitXmlReportPlugin) not found List()
  :: sorted deduced result: List(sbt.plugins.CorePlugin, sbt.plugins.IvyPlugin, sbt.plugins.JvmPlugin, sbt.plugins.JUnitXmlReportPlugin)
[Loading] Done in /Volumes/SSD128/AM/Scala/workspace/play-slick-quickstart/project, returning: (play-slick-quickstart-build)
Loading project definition from /Volumes/SSD128/AM/Scala/workspace/play-slick-quickstart/project
Running task... Cancel: sbt.TaskCancellationStrategy$Null$@482b5934, check cycles: false

Initial source changes: 
	removed:Set()
	added: Set()
	modified: Set()
Removed products: Set()
External API changes: API Changes: Set()
Modified binary dependencies: Set()
Initial directly invalidated sources: Set()

Sources indirectly invalidated by:
	product: Set()
	binary dep: Set()
	external source: Set()
All initially invalidated sources: Set()

Copy resource mappings: 
	
[Loading] Scanning directory /Volumes/SSD128/AM/Scala/workspace/play-slick-quickstart
[Loading] Found root project root w/ remaining 
deducing auto plugins based on known facts Set(Atom(play.PlayScala), Atom(sbt.plugins.CorePlugin)) and clauses Clauses(List(Clause(Atom(sbt.plugins.JvmPlugin),Set(Atom(sbt.plugins.IvyPlugin))), Clause(Atom(sbt.plugins.JUnitXmlReportPlugin),Set(Atom(sbt.plugins.JvmPlugin))), Clause(Atom(play.sbt.forkrun.PlayForkRun),Set(Atom(sbt.plugins.BackgroundRunPlugin))), Clause(Atom(play.sbt.forkrun.PlayForkRun),Set(Atom(play.Play))), Clause(Atom(play.sbt.forkrun.PlayForkRun),Set(Atom(sbt.plugins.SerializersPlugin))), Clause(Atom(play.Play),Set(Atom(com.typesafe.sbt.webdriver.SbtWebDriver))), Clause(Atom(play.Play),Set(Atom(play.twirl.sbt.SbtTwirl))), Clause(Atom(play.Play),Set(Atom(com.typesafe.sbt.jse.SbtJsTask))), Clause(Atom(play.PlayJava),Set(Atom(play.Play))), Clause(Atom(play.PlayScala),Set(Atom(play.Play))), Clause(Atom(play.twirl.sbt.SbtTwirl),Set(Atom(sbt.plugins.JvmPlugin))), Clause(Atom(com.typesafe.sbt.jse.SbtJsEngine),Set(Atom(com.typesafe.sbt.web.SbtWeb))), Clause(Atom(com.typesafe.sbt.jse.SbtJsTask),Set(Atom(com.typesafe.sbt.jse.SbtJsEngine))), Clause(Atom(com.typesafe.sbt.webdriver.SbtWebDriver),Set(Atom(com.typesafe.sbt.web.SbtWeb))), Clause(Atom(sbt.plugins.BackgroundRunPlugin),Set(Atom(sbt.plugins.JvmPlugin))), Clause(Atom(sbt.plugins.CorePlugin),Set(Atom(sbt.plugins.IvyPlugin))), Clause(Atom(sbt.plugins.IvyPlugin),Set(Atom(sbt.plugins.JvmPlugin))), Clause(Atom(sbt.plugins.JvmPlugin),Set(Atom(sbt.plugins.JUnitXmlReportPlugin))), Clause(And(Set(Atom(sbt.plugins.BackgroundRunPlugin), Atom(play.Play), Atom(sbt.plugins.SerializersPlugin))),Set(Atom(play.sbt.forkrun.PlayForkRun))), Clause(Atom(com.typesafe.sbt.web.SbtWeb),Set(Atom(com.typesafe.sbt.jse.SbtJsEngine))), Clause(Atom(com.typesafe.sbt.jse.SbtJsEngine),Set(Atom(com.typesafe.sbt.jse.SbtJsTask))), Clause(Atom(com.typesafe.sbt.web.SbtWeb),Set(Atom(com.typesafe.sbt.webdriver.SbtWebDriver))), Clause(Atom(sbt.plugins.JvmPlugin),Set(Atom(sbt.plugins.BackgroundRunPlugin))), Clause(Atom(sbt.plugins.CorePlugin),Set(Atom(sbt.plugins.InteractionServicePlugin))), Clause(Atom(sbt.plugins.CorePlugin),Set(Atom(sbt.plugins.SendEventServicePlugin))), Clause(Atom(sbt.plugins.CorePlugin),Set(Atom(sbt.plugins.SerializersPlugin)))))
  :: deduced result: Matched(sbt.plugins.CorePlugin,play.PlayScala,sbt.plugins.InteractionServicePlugin,sbt.plugins.SendEventServicePlugin,play.Play,sbt.plugins.SerializersPlugin,sbt.plugins.IvyPlugin,sbt.plugins.JvmPlugin,com.typesafe.sbt.jse.SbtJsTask,play.twirl.sbt.SbtTwirl,com.typesafe.sbt.webdriver.SbtWebDriver,sbt.plugins.BackgroundRunPlugin,sbt.plugins.JUnitXmlReportPlugin,com.typesafe.sbt.web.SbtWeb,com.typesafe.sbt.jse.SbtJsEngine,play.sbt.forkrun.PlayForkRun)
sorting: ns: List(sbt.plugins.CorePlugin, play.PlayScala, sbt.plugins.InteractionServicePlugin, sbt.plugins.SendEventServicePlugin, play.Play, sbt.plugins.SerializersPlugin, sbt.plugins.IvyPlugin, sbt.plugins.JvmPlugin, com.typesafe.sbt.jse.SbtJsTask, play.twirl.sbt.SbtTwirl, com.typesafe.sbt.webdriver.SbtWebDriver, sbt.plugins.BackgroundRunPlugin, sbt.plugins.JUnitXmlReportPlugin, com.typesafe.sbt.web.SbtWeb, com.typesafe.sbt.jse.SbtJsEngine, play.sbt.forkrun.PlayForkRun)
  :: sorting:: found: List(sbt.plugins.CorePlugin, com.typesafe.sbt.web.SbtWeb) not found List(play.PlayScala, sbt.plugins.InteractionServicePlugin, sbt.plugins.SendEventServicePlugin, play.Play, sbt.plugins.SerializersPlugin, sbt.plugins.IvyPlugin, sbt.plugins.JvmPlugin, com.typesafe.sbt.jse.SbtJsTask, play.twirl.sbt.SbtTwirl, com.typesafe.sbt.webdriver.SbtWebDriver, sbt.plugins.BackgroundRunPlugin, sbt.plugins.JUnitXmlReportPlugin, com.typesafe.sbt.jse.SbtJsEngine, play.sbt.forkrun.PlayForkRun)
  :: sorting:: found: List(sbt.plugins.CorePlugin, com.typesafe.sbt.web.SbtWeb, sbt.plugins.InteractionServicePlugin, sbt.plugins.SendEventServicePlugin, sbt.plugins.SerializersPlugin, sbt.plugins.IvyPlugin, com.typesafe.sbt.webdriver.SbtWebDriver, com.typesafe.sbt.jse.SbtJsEngine) not found List(play.PlayScala, play.Play, sbt.plugins.JvmPlugin, com.typesafe.sbt.jse.SbtJsTask, play.twirl.sbt.SbtTwirl, sbt.plugins.BackgroundRunPlugin, sbt.plugins.JUnitXmlReportPlugin, play.sbt.forkrun.PlayForkRun)
  :: sorting:: found: List(sbt.plugins.CorePlugin, com.typesafe.sbt.web.SbtWeb, sbt.plugins.InteractionServicePlugin, sbt.plugins.SendEventServicePlugin, sbt.plugins.SerializersPlugin, sbt.plugins.IvyPlugin, com.typesafe.sbt.webdriver.SbtWebDriver, com.typesafe.sbt.jse.SbtJsEngine, sbt.plugins.JvmPlugin, com.typesafe.sbt.jse.SbtJsTask) not found List(play.PlayScala, play.Play, play.twirl.sbt.SbtTwirl, sbt.plugins.BackgroundRunPlugin, sbt.plugins.JUnitXmlReportPlugin, play.sbt.forkrun.PlayForkRun)
  :: sorting:: found: List(sbt.plugins.CorePlugin, com.typesafe.sbt.web.SbtWeb, sbt.plugins.InteractionServicePlugin, sbt.plugins.SendEventServicePlugin, sbt.plugins.SerializersPlugin, sbt.plugins.IvyPlugin, com.typesafe.sbt.webdriver.SbtWebDriver, com.typesafe.sbt.jse.SbtJsEngine, sbt.plugins.JvmPlugin, com.typesafe.sbt.jse.SbtJsTask, play.twirl.sbt.SbtTwirl, sbt.plugins.BackgroundRunPlugin, sbt.plugins.JUnitXmlReportPlugin) not found List(play.PlayScala, play.Play, play.sbt.forkrun.PlayForkRun)
  :: sorting:: found: List(sbt.plugins.CorePlugin, com.typesafe.sbt.web.SbtWeb, sbt.plugins.InteractionServicePlugin, sbt.plugins.SendEventServicePlugin, sbt.plugins.SerializersPlugin, sbt.plugins.IvyPlugin, com.typesafe.sbt.webdriver.SbtWebDriver, com.typesafe.sbt.jse.SbtJsEngine, sbt.plugins.JvmPlugin, com.typesafe.sbt.jse.SbtJsTask, play.twirl.sbt.SbtTwirl, sbt.plugins.BackgroundRunPlugin, sbt.plugins.JUnitXmlReportPlugin, play.Play) not found List(play.PlayScala, play.sbt.forkrun.PlayForkRun)
  :: sorting:: found: List(sbt.plugins.CorePlugin, com.typesafe.sbt.web.SbtWeb, sbt.plugins.InteractionServicePlugin, sbt.plugins.SendEventServicePlugin, sbt.plugins.SerializersPlugin, sbt.plugins.IvyPlugin, com.typesafe.sbt.webdriver.SbtWebDriver, com.typesafe.sbt.jse.SbtJsEngine, sbt.plugins.JvmPlugin, com.typesafe.sbt.jse.SbtJsTask, play.twirl.sbt.SbtTwirl, sbt.plugins.BackgroundRunPlugin, sbt.plugins.JUnitXmlReportPlugin, play.Play, play.PlayScala, play.sbt.forkrun.PlayForkRun) not found List()
  :: sorted deduced result: List(sbt.plugins.CorePlugin, com.typesafe.sbt.web.SbtWeb, sbt.plugins.InteractionServicePlugin, sbt.plugins.SendEventServicePlugin, sbt.plugins.SerializersPlugin, sbt.plugins.IvyPlugin, com.typesafe.sbt.webdriver.SbtWebDriver, com.typesafe.sbt.jse.SbtJsEngine, sbt.plugins.JvmPlugin, com.typesafe.sbt.jse.SbtJsTask, play.twirl.sbt.SbtTwirl, sbt.plugins.BackgroundRunPlugin, sbt.plugins.JUnitXmlReportPlugin, play.Play, play.PlayScala, play.sbt.forkrun.PlayForkRun)
[Loading] Done in /Volumes/SSD128/AM/Scala/workspace/play-slick-quickstart, returning: (root)
Set current project to play-slick-quickstart (in build file:/Volumes/SSD128/AM/Scala/workspace/play-slick-quickstart/)
Reapplying settings...
Set current project to play-slick-quickstart (in build file:/Volumes/SSD128/AM/Scala/workspace/play-slick-quickstart/)
> iflast shell
> server-send-ready-for-request
> server-handle-next-server-request
> {file:/Volumes/SSD128/AM/Scala/workspace/play-slick-quickstart/}root/compile:discoveredMainClasses
Evaluating tasks: compile:discoveredMainClasses
Running task... Cancel: sbt.server.ServerTaskCancellation@c8d0101, check cycles: false

Initial source changes: 
	removed:Set()
	added: Set()
	modified: Set(/Volumes/SSD128/AM/Scala/workspace/play-slick-quickstart/target/scala-2.11/src_managed/main/routes_reverseRouting.scala, /Volumes/SSD128/AM/Scala/workspace/play-slick-quickstart/target/scala-2.11/src_managed/main/routes_routing.scala, /Volumes/SSD128/AM/Scala/workspace/play-slick-quickstart/target/scala-2.11/src_managed/main/controllers/routes.java)
Removed products: Set()
External API changes: API Changes: Set()
Modified binary dependencies: Set()
Initial directly invalidated sources: Set(/Volumes/SSD128/AM/Scala/workspace/play-slick-quickstart/target/scala-2.11/src_managed/main/routes_reverseRouting.scala, /Volumes/SSD128/AM/Scala/workspace/play-slick-quickstart/target/scala-2.11/src_managed/main/routes_routing.scala, /Volumes/SSD128/AM/Scala/workspace/play-slick-quickstart/target/scala-2.11/src_managed/main/controllers/routes.java)

Sources indirectly invalidated by:
	product: Set()
	binary dep: Set()
	external source: Set()
All initially invalidated sources: Set(/Volumes/SSD128/AM/Scala/workspace/play-slick-quickstart/target/scala-2.11/src_managed/main/routes_reverseRouting.scala, /Volumes/SSD128/AM/Scala/workspace/play-slick-quickstart/target/scala-2.11/src_managed/main/routes_routing.scala, /Volumes/SSD128/AM/Scala/workspace/play-slick-quickstart/target/scala-2.11/src_managed/main/controllers/routes.java)

Read from stdout: Compiling 2 Scala sources and 1 Java source to /Volumes/SSD128/AM/Scala/workspace/play-slick-quickstart/target/scala-2.11/classes...
Compiling 2 Scala sources and 1 Java source to /Volumes/SSD128/AM/Scala/workspace/play-slick-quickstart/target/scala-2.11/classes...
Getting compiler-interface from component compiler for Scala 2.11.5
Other repositories:
Default repositories:
Getting compiler-interface from component compiler for Scala 2.11.5
Other repositories:
Default repositories:
Running cached compiler 32d9fb1f, interfacing (CompilerInterface) with Scala compiler version 2.11.5
Calling Scala compiler with arguments  (CompilerInterface):
	-deprecation
	-unchecked
	-encoding
	utf8
	-bootclasspath
	/Library/Java/JavaVirtualMachines/jdk1.8.0_45.jdk/Contents/Home/jre/lib/resources.jar:/Library/Java/JavaVirtualMachines/jdk1.8.0_45.jdk/Contents/Home/jre/lib/rt.jar:/Library/Java/JavaVirtualMachines/jdk1.8.0_45.jdk/Contents/Home/jre/lib/sunrsasign.jar:/Library/Java/JavaVirtualMachines/jdk1.8.0_45.jdk/Contents/Home/jre/lib/jsse.jar:/Library/Java/JavaVirtualMachines/jdk1.8.0_45.jdk/Contents/Home/jre/lib/jce.jar:/Library/Java/JavaVirtualMachines/jdk1.8.0_45.jdk/Contents/Home/jre/lib/charsets.jar:/Library/Java/JavaVirtualMachines/jdk1.8.0_45.jdk/Contents/Home/jre/lib/jfr.jar:/Library/Java/JavaVirtualMachines/jdk1.8.0_45.jdk/Contents/Home/jre/classes:/Users/paipeng/.ivy2/cache/org.scala-lang/scala-library/jars/scala-library-2.11.5.jar
	-classpath
	/Volumes/SSD128/AM/Scala/workspace/play-slick-quickstart/target/scala-2.11/classes:/Users/paipeng/.ivy2/cache/com.typesafe.play/twirl-api_2.11/jars/twirl-api_2.11-1.0.2.jar:/Users/paipeng/.ivy2/cache/org.apache.commons/commons-lang3/jars/commons-lang3-3.1.jar:/Users/paipeng/.ivy2/cache/org.scala-lang.modules/scala-xml_2.11/bundles/scala-xml_2.11-1.0.1.jar:/Users/paipeng/.ivy2/cache/com.typesafe.play/play_2.11/jars/play_2.11-2.3.8.jar:/Users/paipeng/.ivy2/cache/com.typesafe.play/build-link/jars/build-link-2.3.8.jar:/Users/paipeng/.ivy2/cache/com.typesafe.play/play-exceptions/jars/play-exceptions-2.3.8.jar:/Users/paipeng/.ivy2/cache/org.javassist/javassist/bundles/javassist-3.18.2-GA.jar:/Users/paipeng/.ivy2/cache/com.typesafe.play/play-iteratees_2.11/jars/play-iteratees_2.11-2.3.8.jar:/Users/paipeng/.ivy2/cache/org.scala-stm/scala-stm_2.11/jars/scala-stm_2.11-0.7.jar:/Users/paipeng/.ivy2/cache/com.typesafe/config/bundles/config-1.2.1.jar:/Users/paipeng/.ivy2/cache/com.typesafe.play/play-json_2.11/jars/play-json_2.11-2.3.8.jar:/Users/paipeng/.ivy2/cache/com.typesafe.play/play-functional_2.11/jars/play-functional_2.11-2.3.8.jar:/Users/paipeng/.ivy2/cache/com.typesafe.play/play-datacommons_2.11/jars/play-datacommons_2.11-2.3.8.jar:/Users/paipeng/.ivy2/cache/joda-time/joda-time/jars/joda-time-2.3.jar:/Users/paipeng/.ivy2/cache/org.joda/joda-convert/jars/joda-convert-1.6.jar:/Users/paipeng/.ivy2/cache/com.fasterxml.jackson.core/jackson-annotations/bundles/jackson-annotations-2.3.2.jar:/Users/paipeng/.ivy2/cache/org.scala-lang/scala-reflect/jars/scala-reflect-2.11.1.jar:/Users/paipeng/.ivy2/cache/org.scala-lang.modules/scala-parser-combinators_2.11/bundles/scala-parser-combinators_2.11-1.0.1.jar:/Users/paipeng/.ivy2/cache/io.netty/netty/bundles/netty-3.9.3.Final.jar:/Users/paipeng/.ivy2/cache/com.typesafe.netty/netty-http-pipelining/jars/netty-http-pipelining-1.1.2.jar:/Users/paipeng/.ivy2/cache/org.slf4j/jul-to-slf4j/jars/jul-to-slf4j-1.7.6.jar:/Users/paipeng/.ivy2/cache/org.slf4j/jcl-over-slf4j/jars/jcl-over-slf4j-1.7.6.jar:/Users/paipeng/.ivy2/cache/ch.qos.logback/logback-core/jars/logback-core-1.1.1.jar:/Users/paipeng/.ivy2/cache/ch.qos.logback/logback-classic/jars/logback-classic-1.1.1.jar:/Users/paipeng/.ivy2/cache/com.typesafe.akka/akka-actor_2.11/jars/akka-actor_2.11-2.3.4.jar:/Users/paipeng/.ivy2/cache/com.typesafe.akka/akka-slf4j_2.11/jars/akka-slf4j_2.11-2.3.4.jar:/Users/paipeng/.ivy2/cache/commons-codec/commons-codec/jars/commons-codec-1.9.jar:/Users/paipeng/.ivy2/cache/xerces/xercesImpl/jars/xercesImpl-2.11.0.jar:/Users/paipeng/.ivy2/cache/xml-apis/xml-apis/jars/xml-apis-1.4.01.jar:/Users/paipeng/.ivy2/cache/javax.transaction/jta/jars/jta-1.1.jar:/Users/paipeng/.ivy2/cache/org.webjars/webjars-play_2.11/jars/webjars-play_2.11-2.3.0-2.jar:/Users/paipeng/.ivy2/cache/org.webjars/requirejs/jars/requirejs-2.1.10.jar:/Users/paipeng/.ivy2/cache/org.webjars/webjars-locator/jars/webjars-locator-0.19.jar:/Users/paipeng/.ivy2/cache/org.slf4j/slf4j-api/jars/slf4j-api-1.7.7.jar:/Users/paipeng/.ivy2/cache/com.fasterxml.jackson.core/jackson-databind/bundles/jackson-databind-2.3.3.jar:/Users/paipeng/.ivy2/cache/com.fasterxml.jackson.core/jackson-core/bundles/jackson-core-2.3.3.jar:/Users/paipeng/.ivy2/cache/com.typesafe.play/play-slick_2.11/jars/play-slick_2.11-0.8.1.jar:/Users/paipeng/.ivy2/cache/com.typesafe.play/play-jdbc_2.11/jars/play-jdbc_2.11-2.3.4.jar:/Users/paipeng/.ivy2/cache/com.jolbox/bonecp/bundles/bonecp-0.8.0.RELEASE.jar:/Users/paipeng/.ivy2/cache/com.google.guava/guava/bundles/guava-15.0.jar:/Users/paipeng/.ivy2/cache/com.h2database/h2/jars/h2-1.3.175.jar:/Users/paipeng/.ivy2/cache/tyrex/tyrex/jars/tyrex-1.0.1.jar:/Users/paipeng/.ivy2/cache/com.typesafe.slick/slick_2.11/bundles/slick_2.11-2.1.0.jar:/Users/paipeng/.ivy2/cache/javax.servlet/javax.servlet-api/jars/javax.servlet-api-3.0.1.jar:/Users/paipeng/.ivy2/cache/com.google.code.findbugs/jsr305/jars/jsr305-2.0.1.jar:/Users/paipeng/.ivy2/cache/org.reflections/reflections/jars/reflections-0.9.8.jar:/Users/paipeng/.ivy2/cache/dom4j/dom4j/jars/dom4j-1.6.1.jar:/Users/paipeng/.ivy2/cache/mysql/mysql-connector-java/jars/mysql-connector-java-5.1.18.jar
Scala compilation took 14.251316761 s
Attempting to call com.sun.tools.javac.api.JavacTool@7f24eb16 directly...
Java compilation took 1.125798617 s
Java analysis took 0.027163728 s
Java compile + analysis took 1.176265478 s
New invalidations:
	Set()
Initial set of included nodes: Set()
Previously invalidated, but (transitively) depend on new invalidations:
	Set()
All newly invalidated sources after taking into account (previously) recompiled sources:Set()
Total time: 17 s, completed 13.08.2015 09:58:32
> server-post-command-cleanup
> server-handle-next-server-request
> {file:/Volumes/SSD128/AM/Scala/workspace/play-slick-quickstart/}root/compile:mainClass
Evaluating tasks: compile:mainClass
Running task... Cancel: sbt.server.ServerTaskCancellation@3c7e5cc0, check cycles: false
Total time: 0 s, completed 13.08.2015 09:58:32
> server-post-command-cleanup
> server-handle-next-server-request
> {file:/Volumes/SSD128/AM/Scala/workspace/play-slick-quickstart/}root/compile:discoveredMainClasses
Evaluating tasks: compile:discoveredMainClasses
Running task... Cancel: sbt.server.ServerTaskCancellation@712dce4, check cycles: false

Initial source changes: 
	removed:Set()
	added: Set()
	modified: Set()
Removed products: Set()
External API changes: API Changes: Set()
Modified binary dependencies: Set()
Initial directly invalidated sources: Set()

Sources indirectly invalidated by:
	product: Set()
	binary dep: Set()
	external source: Set()
All initially invalidated sources: Set()

Total time: 1 s, completed 13.08.2015 09:58:33
> server-post-command-cleanup
> server-handle-next-server-request
> backgroundRun
Evaluating tasks: compile:backgroundRun
Running task... Cancel: sbt.server.ServerTaskCancellation@27e725db, check cycles: false
Total time: 0 s, completed 13.08.2015 09:58:49
> server-post-command-cleanup
> server-handle-next-server-request
> {file:/Volumes/SSD128/AM/Scala/workspace/play-slick-quickstart/}root/*:playForkConfig
Evaluating tasks: *:playForkConfig
Running task... Cancel: sbt.server.ServerTaskCancellation@6892abfd, check cycles: false
Total time: 1 s, completed 13.08.2015 09:58:54
> server-post-command-cleanup
> server-handle-next-server-request
> root/playForkNotifyStart http://localhost:9000
Evaluating tasks: *:playForkNotifyStart
Running task... Cancel: sbt.server.ServerTaskCancellation@bb42e5f, check cycles: false
Total time: 0 s, completed 13.08.2015 09:58:56
> server-post-command-cleanup
> server-handle-next-server-request
> {file:/Volumes/SSD128/AM/Scala/workspace/play-slick-quickstart/}root/*:playForkReload
Evaluating tasks: *:playForkReload
Running task... Cancel: sbt.server.ServerTaskCancellation@57ded4d3, check cycles: false

Initial source changes: 
	removed:Set()
	added: Set()
	modified: Set()
Removed products: Set()
External API changes: API Changes: Set()
Modified binary dependencies: Set()
Initial directly invalidated sources: Set()

Sources indirectly invalidated by:
	product: Set()
	binary dep: Set()
	external source: Set()
All initially invalidated sources: Set()

Copy resource mappings: 
	(/Volumes/SSD128/AM/Scala/workspace/play-slick-quickstart/conf/application.conf,/Volumes/SSD128/AM/Scala/workspace/play-slick-quickstart/target/scala-2.11/classes/application.conf)
	(/Volumes/SSD128/AM/Scala/workspace/play-slick-quickstart/conf/evolutions,/Volumes/SSD128/AM/Scala/workspace/play-slick-quickstart/target/scala-2.11/classes/evolutions)
	(/Volumes/SSD128/AM/Scala/workspace/play-slick-quickstart/conf/routes,/Volumes/SSD128/AM/Scala/workspace/play-slick-quickstart/target/scala-2.11/classes/routes)
	(/Volumes/SSD128/AM/Scala/workspace/play-slick-quickstart/conf/evolutions/default,/Volumes/SSD128/AM/Scala/workspace/play-slick-quickstart/target/scala-2.11/classes/evolutions/default)
	(/Volumes/SSD128/AM/Scala/workspace/play-slick-quickstart/conf/evolutions/default/1.sql,/Volumes/SSD128/AM/Scala/workspace/play-slick-quickstart/target/scala-2.11/classes/evolutions/default/1.sql)
Total time: 1 s, completed 13.08.2015 09:58:59
> server-post-command-cleanup
> server-handle-next-server-request
Done executing sbt server engine, result Right(Exit(0))
Closing listening server socket
Waiting for socket thread
Waiting for request processor thread
Waiting for command engine result
Returning control to sbt launcher with result Exit(0)
Closing the 1195@Pais-Air.fritz.box logs at Thu Aug 13 16:34:55 CEST 2015, goodbye.
